<?xml version="1.0" encoding="UTF-8"?>
<!-- Generated by org.testng.reporters.JUnitXMLReporter -->
<testsuite ignored="0" hostname="Shivraj" failures="0" tests="3" name="Test" time="107.465" errors="0" timestamp="2021-08-19T17:47:13 CEST">
  <testcase classname="practice.AppiumFramework.TC01_SumOfItems" name="totalValidation" time="42.727"/>
  <testcase classname="practice.AppiumFramework.TC02_APIDemoApk" name="apiDemo" time="27.115"/>
  <testcase classname="practice.AppiumFramework.TC02_APIDemoApk" name="apiDemo" time="29.528"/>
</testsuite> <!-- Test -->
