<?xml version="1.0" encoding="UTF-8"?>
<testsuite xmlns:xsi="http://www.w3.org/2001/XMLSchema-instance" xsi:noNamespaceSchemaLocation="https://maven.apache.org/surefire/maven-surefire-plugin/xsd/surefire-test-report-3.0.xsd" version="3.0" name="TestSuite" time="101.795" tests="3" errors="0" skipped="0" failures="0">
  <properties>
[...]
</properties>
  <testcase name="totalValidation" classname="practice.AppiumFramework.TC01_SumOfItems" time="37.996">
    <system-out><![CDATA[&amp#27;[35m[Appium]&amp#27;[39m Welcome to Appium v1.21.0
&amp#27;[35m[Appium]&amp#27;[39m Appium REST http interface listener started on 0.0.0.0:4723
&amp#27;[35m[HTTP]&amp#27;[39m &amp#27;[37m-->&amp#27;[39m &amp#27;[37mGET&amp#27;[39m &amp#27;[37m/wd/hub/status&amp#27;[39m
&amp#27;[35m[HTTP]&amp#27;[39m &amp#27;[90m{}&amp#27;[39m
[debug] &amp#27;[35m[GENERIC]&amp#27;[39m Calling AppiumDriver.getStatus() with args: []
[debug] &amp#27;[35m[GENERIC]&amp#27;[39m Responding to client with driver.getStatus() result: {"build":{"version":"1.21.0"}}
&amp#27;[35m[HTTP]&amp#27;[39m &amp#27;[37m<-- GET /wd/hub/status &amp#27;[39m&amp#27;[32m200&amp#27;[39m &amp#27;[90m9 ms - 68&amp#27;[39m
&amp#27;[35m[HTTP]&amp#27;[39m &amp#27;[90m&amp#27;[39m
&amp#27;[35m[HTTP]&amp#27;[39m &amp#27;[37m-->&amp#27;[39m &amp#27;[37mGET&amp#27;[39m &amp#27;[37m/wd/hub/status&amp#27;[39m
&amp#27;[35m[HTTP]&amp#27;[39m &amp#27;[90m{}&amp#27;[39m
[debug] &amp#27;[35m[GENERIC]&amp#27;[39m Calling AppiumDriver.getStatus() with args: []
[debug] &amp#27;[35m[GENERIC]&amp#27;[39m Responding to client with driver.getStatus() result: {"build":{"version":"1.21.0"}}
&amp#27;[35m[HTTP]&amp#27;[39m &amp#27;[37m<-- GET /wd/hub/status &amp#27;[39m&amp#27;[32m200&amp#27;[39m &amp#27;[90m1 ms - 68&amp#27;[39m
&amp#27;[35m[HTTP]&amp#27;[39m &amp#27;[90m&amp#27;[39m
[debug] &amp#27;[35m[HTTP]&amp#27;[39m Request idempotency key: 8109e3dd-27c6-4cd3-b86e-2e1e19a699a1
&amp#27;[35m[HTTP]&amp#27;[39m &amp#27;[37m-->&amp#27;[39m &amp#27;[37mPOST&amp#27;[39m &amp#27;[37m/wd/hub/session&amp#27;[39m
&amp#27;[35m[HTTP]&amp#27;[39m &amp#27;[90m{"desiredCapabilities":{"app":"C:\\Users\\Shivhind\\eclipse-workspace\\ECommerceAppMobileTesting\\src\\General-Store.apk","automationName":"uiautomator2","platformName":"Android","deviceName":"Emulator-4723","newCommandTimeout":15},"capabilities":{"firstMatch":[{"appium:app":"C:\\Users\\Shivhind\\eclipse-workspace\\ECommerceAppMobileTesting\\src\\General-Store.apk","appium:automationName":"uiautomator2","appium:deviceName":"Emulator-4723","appium:newCommandTimeout":15,"platformName":"android"}]}}&amp#27;[39m
[debug] &amp#27;[35m[W3C]&amp#27;[39m Calling AppiumDriver.createSession() with args: [{"app":"C:\\Users\\Shivhind\\eclipse-workspace\\ECommerceAppMobileTesting\\src\\General-Store.apk","automationName":"uiautomator2","platformName":"Android","deviceName":"Emulator-4723","newCommandTimeout":15},null,{"firstMatch":[{"appium:app":"C:\\Users\\Shivhind\\eclipse-workspace\\ECommerceAppMobileTesting\\src\\General-Store.apk","appium:automationName":"uiautomator2","appium:deviceName":"Emulator-4723","appium:newCommandTimeout":15,"platformName":"android"}]}]
[debug] &amp#27;[35m[BaseDriver]&amp#27;[39m Event 'newSessionRequested' logged at 1629452240126 (11:37:20 GMT+0200 (Central European Summer Time))
&amp#27;[35m[Appium]&amp#27;[39m Appium v1.21.0 creating new AndroidUiautomator2Driver (v1.65.0) session
[debug] &amp#27;[35m[BaseDriver]&amp#27;[39m W3C capabilities and MJSONWP desired capabilities were provided
[debug] &amp#27;[35m[BaseDriver]&amp#27;[39m Creating session with W3C capabilities: {
[debug] &amp#27;[35m[BaseDriver]&amp#27;[39m   "alwaysMatch": {
[debug] &amp#27;[35m[BaseDriver]&amp#27;[39m     "platformName": "android",
[debug] &amp#27;[35m[BaseDriver]&amp#27;[39m     "appium:app": "C:\\Users\\Shivhind\\eclipse-workspace\\ECommerceAppMobileTesting\\src\\General-Store.apk",
[debug] &amp#27;[35m[BaseDriver]&amp#27;[39m     "appium:automationName": "uiautomator2",
[debug] &amp#27;[35m[BaseDriver]&amp#27;[39m     "appium:deviceName": "Emulator-4723",
[debug] &amp#27;[35m[BaseDriver]&amp#27;[39m     "appium:newCommandTimeout": 15
[debug] &amp#27;[35m[BaseDriver]&amp#27;[39m   },
[debug] &amp#27;[35m[BaseDriver]&amp#27;[39m   "firstMatch": [
[debug] &amp#27;[35m[BaseDriver]&amp#27;[39m     {}
[debug] &amp#27;[35m[BaseDriver]&amp#27;[39m   ]
[debug] &amp#27;[35m[BaseDriver]&amp#27;[39m }
&amp#27;[35m[BaseDriver]&amp#27;[39m Session created with session id: f30ef747-b006-4939-982c-ad4afd34905f
&amp#27;[35m[BaseDriver]&amp#27;[39m Using local app 'C:\Users\Shivhind\eclipse-workspace\ECommerceAppMobileTesting\src\General-Store.apk'
[debug] &amp#27;[35m[UiAutomator2]&amp#27;[39m Checking whether app is actually present
&amp#27;[35m[ADB]&amp#27;[39m Found 1 'build-tools' folders under 'C:\Users\Shivhind\AppData\Local\Android\Sdk' (newest first):
&amp#27;[35m[ADB]&amp#27;[39m     C:/Users/Shivhind/AppData/Local/Android/Sdk/build-tools/31.0.0
&amp#27;[35m[ADB]&amp#27;[39m Using 'adb.exe' from 'C:\Users\Shivhind\AppData\Local\Android\Sdk\platform-tools\adb.exe'
[debug] &amp#27;[35m[ADB]&amp#27;[39m Running 'C:\Users\Shivhind\AppData\Local\Android\Sdk\platform-tools\adb.exe -P 5037 start-server'
&amp#27;[35m[AndroidDriver]&amp#27;[39m Retrieving device list
[debug] &amp#27;[35m[ADB]&amp#27;[39m Trying to find a connected android device
[debug] &amp#27;[35m[ADB]&amp#27;[39m Getting connected devices
[debug] &amp#27;[35m[ADB]&amp#27;[39m Connected devices: [{"udid":"emulator-5554","state":"device"}]
&amp#27;[35m[AndroidDriver]&amp#27;[39m Using device: emulator-5554
&amp#27;[35m[ADB]&amp#27;[39m Using 'adb.exe' from 'C:\Users\Shivhind\AppData\Local\Android\Sdk\platform-tools\adb.exe'
[debug] &amp#27;[35m[ADB]&amp#27;[39m Running 'C:\Users\Shivhind\AppData\Local\Android\Sdk\platform-tools\adb.exe -P 5037 start-server'
[debug] &amp#27;[35m[ADB]&amp#27;[39m Setting device id to emulator-5554
[debug] &amp#27;[35m[ADB]&amp#27;[39m Running 'C:\Users\Shivhind\AppData\Local\Android\Sdk\platform-tools\adb.exe -P 5037 -s emulator-5554 shell getprop ro.build.version.sdk'
[debug] &amp#27;[35m[ADB]&amp#27;[39m Current device property 'ro.build.version.sdk': 30
&amp#27;[35m[ADB]&amp#27;[39m Getting device platform version
[debug] &amp#27;[35m[ADB]&amp#27;[39m Running 'C:\Users\Shivhind\AppData\Local\Android\Sdk\platform-tools\adb.exe -P 5037 -s emulator-5554 shell getprop ro.build.version.release'
[debug] &amp#27;[35m[ADB]&amp#27;[39m Current device property 'ro.build.version.release': 11
[debug] &amp#27;[35m[ADB]&amp#27;[39m Device API level: 30
&amp#27;[35m[UiAutomator2]&amp#27;[39m Relaxing hidden api policy
[debug] &amp#27;[35m[ADB]&amp#27;[39m Running 'C:\Users\Shivhind\AppData\Local\Android\Sdk\platform-tools\adb.exe -P 5037 -s emulator-5554 shell 'settings put global hidden_api_policy_pre_p_apps 1;settings put global hidden_api_policy_p_apps 1;settings put global hidden_api_policy 1''
[debug] &amp#27;[35m[AndroidDriver]&amp#27;[39m Parsing package and activity from app manifest
&amp#27;[35m[ADB]&amp#27;[39m Package name: 'com.androidsample.generalstore'
&amp#27;[35m[ADB]&amp#27;[39m Main activity name: 'com.androidsample.generalstore.SplashActivity'
[debug] &amp#27;[35m[AndroidDriver]&amp#27;[39m Parsed package and activity are: com.androidsample.generalstore/com.androidsample.generalstore.SplashActivity
[debug] &amp#27;[35m[ADB]&amp#27;[39m Running 'C:\Users\Shivhind\AppData\Local\Android\Sdk\platform-tools\adb.exe -P 5037 -s emulator-5554 wait-for-device'
[debug] &amp#27;[35m[ADB]&amp#27;[39m Running 'C:\Users\Shivhind\AppData\Local\Android\Sdk\platform-tools\adb.exe -P 5037 -s emulator-5554 shell echo ping'
[debug] &amp#27;[35m[AndroidDriver]&amp#27;[39m Pushing settings apk to device...
[debug] &amp#27;[35m[ADB]&amp#27;[39m Getting install status for io.appium.settings
[debug] &amp#27;[35m[ADB]&amp#27;[39m Running 'C:\Users\Shivhind\AppData\Local\Android\Sdk\platform-tools\adb.exe -P 5037 -s emulator-5554 shell dumpsys package io.appium.settings'
[debug] &amp#27;[35m[ADB]&amp#27;[39m 'io.appium.settings' is installed
[debug] &amp#27;[35m[ADB]&amp#27;[39m Getting package info for 'io.appium.settings'
[debug] &amp#27;[35m[ADB]&amp#27;[39m Running 'C:\Users\Shivhind\AppData\Local\Android\Sdk\platform-tools\adb.exe -P 5037 -s emulator-5554 shell dumpsys package io.appium.settings'
[debug] &amp#27;[35m[ADB]&amp#27;[39m The version name of the installed 'io.appium.settings' is greater or equal to the application version name ('3.3.0' >= '3.3.0')
[debug] &amp#27;[35m[ADB]&amp#27;[39m There is no need to install/upgrade 'C:\Users\Shivhind\AppData\Roaming\npm\node_modules\appium\node_modules\io.appium.settings\apks\settings_apk-debug.apk'
[debug] &amp#27;[35m[ADB]&amp#27;[39m Getting IDs of all 'io.appium.settings' processes
[debug] &amp#27;[35m[ADB]&amp#27;[39m Running 'C:\Users\Shivhind\AppData\Local\Android\Sdk\platform-tools\adb.exe -P 5037 -s emulator-5554 shell 'pgrep --help; echo $?''
[debug] &amp#27;[35m[ADB]&amp#27;[39m Running 'C:\Users\Shivhind\AppData\Local\Android\Sdk\platform-tools\adb.exe -P 5037 -s emulator-5554 shell pgrep -f \(\[\[:blank:\]\]\|\^\)io\.appium\.settings\(\[\[:blank:\]\]\|\$\)'
&amp#27;[35m[Appium]&amp#27;[39m Welcome to Appium v1.21.0
&amp#27;[35m[HTTP]&amp#27;[39m Could not start REST http interface listener. The requested port may already be in use. Please make sure there is no other instance of this server running already.
Fatal Error: listen EADDRINUSE: address already in use 0.0.0.0:4723
    at Server.setupListenHandle [as _listen2] (net.js:1320:16)
    at listenInCluster (net.js:1368:12)
    at doListen (net.js:1505:7)
    at processTicksAndRejections (internal/process/task_queues.js:83:21)
[debug] &amp#27;[35m[AndroidDriver]&amp#27;[39m io.appium.settings is already running. There is no need to reset its permissions.
[debug] &amp#27;[35m[Logcat]&amp#27;[39m Starting logs capture with command: C:\\Users\\Shivhind\\AppData\\Local\\Android\\Sdk\\platform-tools\\adb.exe -P 5037 -s emulator-5554 logcat -v threadtime
[debug] &amp#27;[35m[UiAutomator2]&amp#27;[39m Forwarding UiAutomator2 Server port 6790 to local port 8203
[debug] &amp#27;[35m[ADB]&amp#27;[39m Forwarding system: 8203 to device: 6790
[debug] &amp#27;[35m[ADB]&amp#27;[39m Running 'C:\Users\Shivhind\AppData\Local\Android\Sdk\platform-tools\adb.exe -P 5037 -s emulator-5554 forward tcp:8203 tcp:6790'
[debug] &amp#27;[35m[ADB]&amp#27;[39m Getting install status for io.appium.uiautomator2.server
[debug] &amp#27;[35m[ADB]&amp#27;[39m Running 'C:\Users\Shivhind\AppData\Local\Android\Sdk\platform-tools\adb.exe -P 5037 -s emulator-5554 shell dumpsys package io.appium.uiautomator2.server'
[debug] &amp#27;[35m[ADB]&amp#27;[39m 'io.appium.uiautomator2.server' is installed
[debug] &amp#27;[35m[ADB]&amp#27;[39m Getting package info for 'io.appium.uiautomator2.server'
[debug] &amp#27;[35m[ADB]&amp#27;[39m Running 'C:\Users\Shivhind\AppData\Local\Android\Sdk\platform-tools\adb.exe -P 5037 -s emulator-5554 shell dumpsys package io.appium.uiautomator2.server'
[debug] &amp#27;[35m[ADB]&amp#27;[39m The version name of the installed 'io.appium.uiautomator2.server' is greater or equal to the application version name ('4.21.1' >= '4.21.1')
[debug] &amp#27;[35m[UiAutomator2]&amp#27;[39m io.appium.uiautomator2.server installation state: sameVersionInstalled
[debug] &amp#27;[35m[ADB]&amp#27;[39m Checking app cert for C:\Users\Shivhind\AppData\Roaming\npm\node_modules\appium\node_modules\appium-uiautomator2-server\apks\appium-uiautomator2-server-v4.21.1.apk
&amp#27;[35m[ADB]&amp#27;[39m Using 'apksigner.jar' from 'C:\Users\Shivhind\AppData\Local\Android\Sdk\build-tools\31.0.0\lib\apksigner.jar'
[debug] &amp#27;[35m[ADB]&amp#27;[39m Starting apksigner: 'C:\\Program Files\\Java\\jdk1.8.0_301\\bin\\java.exe' -Xmx1024M -Xss1m -jar C:\\Users\\Shivhind\\AppData\\Local\\Android\\Sdk\\build-tools\\31.0.0\\lib\\apksigner.jar verify --print-certs C:\\Users\\Shivhind\\AppData\\Roaming\\npm\\node_modules\\appium\\node_modules\\appium-uiautomator2-server\\apks\\appium-uiautomator2-server-v4.21.1.apk
[debug] &amp#27;[35m[ADB]&amp#27;[39m apksigner stdout: Signer #1 certificate DN: EMAILADDRESS=android@android.com, CN=Android, OU=Android, O=Android, L=Mountain View, ST=California, C=US
[debug] &amp#27;[35m[ADB]&amp#27;[39m Signer #1 certificate SHA-256 digest: a40da80a59d170caa950cf15c18c454d47a39b26989d8b640ecd745ba71bf5dc
[debug] &amp#27;[35m[ADB]&amp#27;[39m Signer #1 certificate SHA-1 digest: 61ed377e85d386a8dfee6b864bd85b0bfaa5af81
[debug] &amp#27;[35m[ADB]&amp#27;[39m Signer #1 certificate MD5 digest: e89b158e4bcf988ebd09eb83f5378e87
[debug] &amp#27;[35m[ADB]&amp#27;[39m 
[debug] &amp#27;[35m[ADB]&amp#27;[39m sha256 hash did match for 'appium-uiautomator2-server-v4.21.1.apk'
&amp#27;[35m[ADB]&amp#27;[39m 'C:\Users\Shivhind\AppData\Roaming\npm\node_modules\appium\node_modules\appium-uiautomator2-server\apks\appium-uiautomator2-server-v4.21.1.apk' is signed with the default certificate
[debug] &amp#27;[35m[ADB]&amp#27;[39m Getting install status for io.appium.uiautomator2.server.test
[debug] &amp#27;[35m[ADB]&amp#27;[39m Running 'C:\Users\Shivhind\AppData\Local\Android\Sdk\platform-tools\adb.exe -P 5037 -s emulator-5554 shell dumpsys package io.appium.uiautomator2.server.test'
[debug] &amp#27;[35m[ADB]&amp#27;[39m 'io.appium.uiautomator2.server.test' is installed
[debug] &amp#27;[35m[ADB]&amp#27;[39m Checking app cert for C:\Users\Shivhind\AppData\Roaming\npm\node_modules\appium\node_modules\appium-uiautomator2-server\apks\appium-uiautomator2-server-debug-androidTest.apk
[debug] &amp#27;[35m[ADB]&amp#27;[39m Starting apksigner: 'C:\\Program Files\\Java\\jdk1.8.0_301\\bin\\java.exe' -Xmx1024M -Xss1m -jar C:\\Users\\Shivhind\\AppData\\Local\\Android\\Sdk\\build-tools\\31.0.0\\lib\\apksigner.jar verify --print-certs C:\\Users\\Shivhind\\AppData\\Roaming\\npm\\node_modules\\appium\\node_modules\\appium-uiautomator2-server\\apks\\appium-uiautomator2-server-debug-androidTest.apk
[debug] &amp#27;[35m[ADB]&amp#27;[39m apksigner stdout: Signer #1 certificate DN: EMAILADDRESS=android@android.com, CN=Android, OU=Android, O=Android, L=Mountain View, ST=California, C=US
[debug] &amp#27;[35m[ADB]&amp#27;[39m Signer #1 certificate SHA-256 digest: a40da80a59d170caa950cf15c18c454d47a39b26989d8b640ecd745ba71bf5dc
[debug] &amp#27;[35m[ADB]&amp#27;[39m Signer #1 certificate SHA-1 digest: 61ed377e85d386a8dfee6b864bd85b0bfaa5af81
[debug] &amp#27;[35m[ADB]&amp#27;[39m Signer #1 certificate MD5 digest: e89b158e4bcf988ebd09eb83f5378e87
[debug] &amp#27;[35m[ADB]&amp#27;[39m 
[debug] &amp#27;[35m[ADB]&amp#27;[39m sha256 hash did match for 'appium-uiautomator2-server-debug-androidTest.apk'
&amp#27;[35m[ADB]&amp#27;[39m 'C:\Users\Shivhind\AppData\Roaming\npm\node_modules\appium\node_modules\appium-uiautomator2-server\apks\appium-uiautomator2-server-debug-androidTest.apk' is signed with the default certificate
&amp#27;[35m[UiAutomator2]&amp#27;[39m Server packages are not going to be (re)installed
[debug] &amp#27;[35m[UiAutomator2]&amp#27;[39m Waiting up to 30000ms for services to be available
[debug] &amp#27;[35m[ADB]&amp#27;[39m Running 'C:\Users\Shivhind\AppData\Local\Android\Sdk\platform-tools\adb.exe -P 5037 -s emulator-5554 shell pm list instrumentation'
[debug] &amp#27;[35m[UiAutomator2]&amp#27;[39m Instrumentation target 'io.appium.uiautomator2.server.test/androidx.test.runner.AndroidJUnitRunner' is available
&amp#27;[35m[ADB]&amp#27;[39m Adding packages ["io.appium.settings","io.appium.uiautomator2.server","io.appium.uiautomator2.server.test"] to Doze whitelist
[debug] &amp#27;[35m[ADB]&amp#27;[39m Got the following command chunks to execute: [["dumpsys","deviceidle","whitelist","+io.appium.settings",";","dumpsys","deviceidle","whitelist","+io.appium.uiautomator2.server",";","dumpsys","deviceidle","whitelist","+io.appium.uiautomator2.server.test",";"]]
[debug] &amp#27;[35m[ADB]&amp#27;[39m Running 'C:\Users\Shivhind\AppData\Local\Android\Sdk\platform-tools\adb.exe -P 5037 -s emulator-5554 shell dumpsys deviceidle whitelist +io.appium.settings ; dumpsys deviceidle whitelist +io.appium.uiautomator2.server ; dumpsys deviceidle whitelist +io.appium.uiautomator2.server.test ;'
[debug] &amp#27;[35m[ADB]&amp#27;[39m Checking app cert for C:\Users\Shivhind\eclipse-workspace\ECommerceAppMobileTesting\src\General-Store.apk
[debug] &amp#27;[35m[ADB]&amp#27;[39m Starting apksigner: 'C:\\Program Files\\Java\\jdk1.8.0_301\\bin\\java.exe' -Xmx1024M -Xss1m -jar C:\\Users\\Shivhind\\AppData\\Local\\Android\\Sdk\\build-tools\\31.0.0\\lib\\apksigner.jar verify --print-certs C:\\Users\\Shivhind\\eclipse-workspace\\ECommerceAppMobileTesting\\src\\General-Store.apk
[debug] &amp#27;[35m[ADB]&amp#27;[39m apksigner stdout: Signer #1 certificate DN: EMAILADDRESS=android@android.com, CN=Android, OU=Android, O=Android, L=Mountain View, ST=California, C=US
[debug] &amp#27;[35m[ADB]&amp#27;[39m Signer #1 certificate SHA-256 digest: a40da80a59d170caa950cf15c18c454d47a39b26989d8b640ecd745ba71bf5dc
[debug] &amp#27;[35m[ADB]&amp#27;[39m Signer #1 certificate SHA-1 digest: 61ed377e85d386a8dfee6b864bd85b0bfaa5af81
[debug] &amp#27;[35m[ADB]&amp#27;[39m Signer #1 certificate MD5 digest: e89b158e4bcf988ebd09eb83f5378e87
[debug] &amp#27;[35m[ADB]&amp#27;[39m 
[debug] &amp#27;[35m[ADB]&amp#27;[39m sha256 hash did match for 'General-Store.apk'
&amp#27;[35m[ADB]&amp#27;[39m 'C:\Users\Shivhind\eclipse-workspace\ECommerceAppMobileTesting\src\General-Store.apk' is signed with the default certificate
[debug] &amp#27;[35m[ADB]&amp#27;[39m Getting install status for com.androidsample.generalstore
[debug] &amp#27;[35m[ADB]&amp#27;[39m Running 'C:\Users\Shivhind\AppData\Local\Android\Sdk\platform-tools\adb.exe -P 5037 -s emulator-5554 shell dumpsys package com.androidsample.generalstore'
[debug] &amp#27;[35m[ADB]&amp#27;[39m 'com.androidsample.generalstore' is installed
[debug] &amp#27;[35m[ADB]&amp#27;[39m Getting package info for 'com.androidsample.generalstore'
[debug] &amp#27;[35m[ADB]&amp#27;[39m Running 'C:\Users\Shivhind\AppData\Local\Android\Sdk\platform-tools\adb.exe -P 5037 -s emulator-5554 shell dumpsys package com.androidsample.generalstore'
[debug] &amp#27;[35m[ADB]&amp#27;[39m The version name of the installed 'com.androidsample.generalstore' is greater or equal to the application version name ('1.0.0' >= '1.0.0')
[debug] &amp#27;[35m[ADB]&amp#27;[39m There is no need to install/upgrade 'C:\Users\Shivhind\eclipse-workspace\ECommerceAppMobileTesting\src\General-Store.apk'
&amp#27;[35m[AndroidDriver]&amp#27;[39m Performing fast reset on 'com.androidsample.generalstore'
[debug] &amp#27;[35m[ADB]&amp#27;[39m Getting install status for com.androidsample.generalstore
[debug] &amp#27;[35m[ADB]&amp#27;[39m Running 'C:\Users\Shivhind\AppData\Local\Android\Sdk\platform-tools\adb.exe -P 5037 -s emulator-5554 shell dumpsys package com.androidsample.generalstore'
[debug] &amp#27;[35m[ADB]&amp#27;[39m 'com.androidsample.generalstore' is installed
[debug] &amp#27;[35m[ADB]&amp#27;[39m Running 'C:\Users\Shivhind\AppData\Local\Android\Sdk\platform-tools\adb.exe -P 5037 -s emulator-5554 shell am force-stop com.androidsample.generalstore'
[debug] &amp#27;[35m[ADB]&amp#27;[39m Running 'C:\Users\Shivhind\AppData\Local\Android\Sdk\platform-tools\adb.exe -P 5037 -s emulator-5554 shell pm clear com.androidsample.generalstore'
[debug] &amp#27;[35m[AndroidDriver]&amp#27;[39m Performed fast reset on the installed 'com.androidsample.generalstore' application (stop and clear)
[debug] &amp#27;[35m[UiAutomator2]&amp#27;[39m Performing shallow cleanup of automation leftovers
[debug] &amp#27;[35m[UiAutomator2]&amp#27;[39m The following obsolete sessions are still running: [null]
[debug] &amp#27;[35m[UiAutomator2]&amp#27;[39m Cleaning up the obsolete sessions
[debug] &amp#27;[35m[ADB]&amp#27;[39m Running 'C:\Users\Shivhind\AppData\Local\Android\Sdk\platform-tools\adb.exe -P 5037 -s emulator-5554 shell am force-stop io.appium.uiautomator2.server.test'
&amp#27;[35m[UiAutomator2]&amp#27;[39m Starting UIAutomator2 server 4.21.1
&amp#27;[35m[UiAutomator2]&amp#27;[39m Using UIAutomator2 server from 'C:\Users\Shivhind\AppData\Roaming\npm\node_modules\appium\node_modules\appium-uiautomator2-server\apks\appium-uiautomator2-server-v4.21.1.apk' and test from 'C:\Users\Shivhind\AppData\Roaming\npm\node_modules\appium\node_modules\appium-uiautomator2-server\apks\appium-uiautomator2-server-debug-androidTest.apk'
&amp#27;[35m[UiAutomator2]&amp#27;[39m Waiting up to 30000ms for UiAutomator2 to be online...
[debug] &amp#27;[35m[ADB]&amp#27;[39m Creating ADB subprocess with args: ["-P",5037,"-s","emulator-5554","shell","am","instrument","-w","-e","disableAnalytics",true,"io.appium.uiautomator2.server.test/androidx.test.runner.AndroidJUnitRunner"]
[debug] &amp#27;[35m[WD Proxy]&amp#27;[39m Matched '/status' to command name 'getStatus'
[debug] &amp#27;[35m[WD Proxy]&amp#27;[39m Proxying [GET /status] to [GET http://127.0.0.1:8203/wd/hub/status] with no body
&amp#27;[35m[WD Proxy]&amp#27;[39m socket hang up
[debug] &amp#27;[35m[Instrumentation]&amp#27;[39m io.appium.uiautomator2.server.test.AppiumUiAutomator2Server:
[debug] &amp#27;[35m[WD Proxy]&amp#27;[39m Matched '/status' to command name 'getStatus'
[debug] &amp#27;[35m[WD Proxy]&amp#27;[39m Proxying [GET /status] to [GET http://127.0.0.1:8203/wd/hub/status] with no body
&amp#27;[35m[WD Proxy]&amp#27;[39m socket hang up
[debug] &amp#27;[35m[WD Proxy]&amp#27;[39m Matched '/status' to command name 'getStatus'
[debug] &amp#27;[35m[WD Proxy]&amp#27;[39m Proxying [GET /status] to [GET http://127.0.0.1:8203/wd/hub/status] with no body
[debug] &amp#27;[35m[WD Proxy]&amp#27;[39m Got response with status 200: {"sessionId":"None","value":{"message":"UiAutomator2 Server is ready to accept commands","ready":true}}
[debug] &amp#27;[35m[UiAutomator2]&amp#27;[39m The initialization of the instrumentation process took 2169ms
[debug] &amp#27;[35m[WD Proxy]&amp#27;[39m Matched '/session' to command name 'createSession'
[debug] &amp#27;[35m[WD Proxy]&amp#27;[39m Proxying [POST /session] to [POST http://127.0.0.1:8203/wd/hub/session] with body: {"capabilities":{"firstMatch":[{"platform":"LINUX","webStorageEnabled":false,"takesScreenshot":true,"javascriptEnabled":true,"databaseEnabled":false,"networkConnectionEnabled":true,"locationContextEnabled":false,"warnings":{},"desired":{"platformName":"android","app":"C:\\Users\\Shivhind\\eclipse-workspace\\ECommerceAppMobileTesting\\src\\General-Store.apk","automationName":"uiautomator2","deviceName":"Emulator-4723","newCommandTimeout":15},"platformName":"android","app":"C:\\Users\\Shivhind\\eclipse-workspace\\ECommerceAppMobileTesting\\src\\General-Store.apk","automationName":"uiautomator2","deviceName":"emulator-5554","newCommandTimeout":15,"deviceUDID":"emulator-5554","appPackage":"com.androidsample.generalstore"}],"alwaysMatch":{}}}
[debug] &amp#27;[35m[WD Proxy]&amp#27;[39m Got response with status 200: {"sessionId":"d2d79aab-e527-4690-97bd-c0b834a0d4b7","value":{"capabilities":{"firstMatch":[{"platform":"LINUX","webStorageEnabled":false,"takesScreenshot":true,"javascriptEnabled":true,"databaseEnabled":false,"networkConnectionEnabled":true,"locationContextEnabled":false,"warnings":{},"desired":{"platformName":"android","app":"C:\\Users\\Shivhind\\eclipse-workspace\\ECommerceAppMobileTesting\\src\\General-Store.apk","automationName":"uiautomator2","deviceName":"Emulator-4723","newCommandTimeout":15},"platformName":"android","app":"C:\\Users\\Shivhind\\eclipse-workspace\\ECommerceAppMobileTesting\\src\\General-Store.apk","automationName":"uiautomator2","deviceName":"emulator-5554","newCommandTimeout":15,"deviceUDID":"emulator-5554","appPackage":"com.androidsample.generalstore"}],"alwaysMatch":{}},"sessionId":"d2d79aab-e527-4690-97bd-c0b834a0d4b7"}}
&amp#27;[35m[WD Proxy]&amp#27;[39m Determined the downstream protocol as 'W3C'
[debug] &amp#27;[35m[WD Proxy]&amp#27;[39m Proxying [GET /appium/device/info] to [GET http://127.0.0.1:8203/wd/hub/session/d2d79aab-e527-4690-97bd-c0b834a0d4b7/appium/device/info] with no body
[debug] &amp#27;[35m[WD Proxy]&amp#27;[39m Got response with status 200: {"sessionId":"d2d79aab-e527-4690-97bd-c0b834a0d4b7","value":{"androidId":"a9124f09d5fc0917","apiVersion":"30","bluetooth":{"state":"ON"},"brand":"google","carrierName":"Android","displayDensity":560,"locale":"en_US","manufacturer":"Google","model":"sdk_gphone_x86_arm","networks":[{"capabilities":{"SSID":null,"linkDownBandwidthKbps":30000,"linkUpstreamBandwidthKbps":15000,"networkCapabilities":"NET_CAPABILITY_MMS,NET_CAPABILITY_SUPL,NET_CAPABILITY_DUN,NET_CAPABILITY_FOTA,NET_CAPABILITY_IMS,NET_CAPABILITY_CBS,NET_CAPABILITY_INTERNET,NET_CAPABILITY_NOT_RESTRICTED,NET_CAPABILITY_TRUSTED,NET_CAPABILITY_NOT_VPN,NET_CAPABILITY_VALIDATED,NET_CAPABILITY_NOT_ROAMING,NET_CAPABILITY_NOT_CONGESTED,NET_CAPABILITY_NOT_SUSPENDED","signalStrength":-2147483648,"transportTypes":"TRANSPORT_CELLULAR"},"detailedState":"CONNECTED","extraInfo":"epc.tmobile.com","isAvailable":true,"isConnected":true,"isFailover":false,"isRoaming":false,"state":"CONNECTED","subtype":13,"subtypeName":"LTE","type":0,"typeName":"MOBILE"},{"capabilitie...
[debug] &amp#27;[35m[ADB]&amp#27;[39m Running 'C:\Users\Shivhind\AppData\Local\Android\Sdk\platform-tools\adb.exe -P 5037 -s emulator-5554 shell dumpsys window'
&amp#27;[35m[AndroidDriver]&amp#27;[39m Screen already unlocked, doing nothing
&amp#27;[35m[UiAutomator2]&amp#27;[39m Starting 'com.androidsample.generalstore/com.androidsample.generalstore.SplashActivity and waiting for 'com.androidsample.generalstore/com.androidsample.generalstore.SplashActivity'
[debug] &amp#27;[35m[ADB]&amp#27;[39m Running 'C:\Users\Shivhind\AppData\Local\Android\Sdk\platform-tools\adb.exe -P 5037 -s emulator-5554 shell am start -W -n com.androidsample.generalstore/com.androidsample.generalstore.SplashActivity -S -a android.intent.action.MAIN -c android.intent.category.LAUNCHER -f 0x10200000'
[debug] &amp#27;[35m[ADB]&amp#27;[39m Waiting up to 20000ms for activity matching pkg: 'com.androidsample.generalstore' and activity: 'com.androidsample.generalstore.SplashActivity' to be focused
[debug] &amp#27;[35m[ADB]&amp#27;[39m Possible activities, to be checked: 'com.androidsample.generalstore.SplashActivity', 'com.androidsample.generalstore.com.androidsample.generalstore.SplashActivity'
[debug] &amp#27;[35m[ADB]&amp#27;[39m Getting focused package and activity
[debug] &amp#27;[35m[ADB]&amp#27;[39m Running 'C:\Users\Shivhind\AppData\Local\Android\Sdk\platform-tools\adb.exe -P 5037 -s emulator-5554 shell dumpsys window displays'
[debug] &amp#27;[35m[ADB]&amp#27;[39m Found package: 'com.androidsample.generalstore' and fully qualified activity name : 'com.androidsample.generalstore.SplashActivity'
[debug] &amp#27;[35m[WD Proxy]&amp#27;[39m Proxying [GET /appium/device/pixel_ratio] to [GET http://127.0.0.1:8203/wd/hub/session/d2d79aab-e527-4690-97bd-c0b834a0d4b7/appium/device/pixel_ratio] with no body
[debug] &amp#27;[35m[WD Proxy]&amp#27;[39m Got response with status 200: {"sessionId":"d2d79aab-e527-4690-97bd-c0b834a0d4b7","value":3.5}
[debug] &amp#27;[35m[WD Proxy]&amp#27;[39m Matched '/appium/device/system_bars' to command name 'getSystemBars'
[debug] &amp#27;[35m[WD Proxy]&amp#27;[39m Proxying [GET /appium/device/system_bars] to [GET http://127.0.0.1:8203/wd/hub/session/d2d79aab-e527-4690-97bd-c0b834a0d4b7/appium/device/system_bars] with no body
[debug] &amp#27;[35m[WD Proxy]&amp#27;[39m Got response with status 200: {"sessionId":"d2d79aab-e527-4690-97bd-c0b834a0d4b7","value":{"statusBar":84}}
[debug] &amp#27;[35m[WD Proxy]&amp#27;[39m Matched '/window/current/size' to command name 'getWindowSize'
[debug] &amp#27;[35m[WD Proxy]&amp#27;[39m Proxying [GET /window/current/size] to [GET http://127.0.0.1:8203/wd/hub/session/d2d79aab-e527-4690-97bd-c0b834a0d4b7/window/current/size] with no body
[debug] &amp#27;[35m[WD Proxy]&amp#27;[39m Got response with status 200: {"sessionId":"d2d79aab-e527-4690-97bd-c0b834a0d4b7","value":{"height":2712,"width":1440}}
&amp#27;[35m[Appium]&amp#27;[39m New AndroidUiautomator2Driver session created successfully, session f30ef747-b006-4939-982c-ad4afd34905f added to master session list
[debug] &amp#27;[35m[BaseDriver]&amp#27;[39m Event 'newSessionStarted' logged at 1629452247329 (11:37:27 GMT+0200 (Central European Summer Time))
[debug] &amp#27;[35m[W3C (f30ef747)]&amp#27;[39m Cached the protocol value 'W3C' for the new session f30ef747-b006-4939-982c-ad4afd34905f
[debug] &amp#27;[35m[W3C (f30ef747)]&amp#27;[39m Responding to client with driver.createSession() result: {"capabilities":{"platform":"LINUX","webStorageEnabled":false,"takesScreenshot":true,"javascriptEnabled":true,"databaseEnabled":false,"networkConnectionEnabled":true,"locationContextEnabled":false,"warnings":{},"desired":{"platformName":"android","app":"C:\\Users\\Shivhind\\eclipse-workspace\\ECommerceAppMobileTesting\\src\\General-Store.apk","automationName":"uiautomator2","deviceName":"Emulator-4723","newCommandTimeout":15},"platformName":"android","app":"C:\\Users\\Shivhind\\eclipse-workspace\\ECommerceAppMobileTesting\\src\\General-Store.apk","automationName":"uiautomator2","deviceName":"emulator-5554","newCommandTimeout":15,"deviceUDID":"emulator-5554","appPackage":"com.androidsample.generalstore","deviceApiLevel":30,"platformVersion":"11","deviceScreenSize":"1440x2880","deviceScreenDensity":560,"deviceModel":"sdk_gphone_x86_arm","deviceManufacturer":"Google","pixelRatio":3.5,"statBarHeight":84,"viewportRect":{"left":0,"top":84,"width":1440,"height":2628}}}
&amp#27;[35m[HTTP]&amp#27;[39m &amp#27;[37m<-- POST /wd/hub/session &amp#27;[39m&amp#27;[32m200&amp#27;[39m &amp#27;[90m7205 ms - 1037&amp#27;[39m
&amp#27;[35m[HTTP]&amp#27;[39m &amp#27;[90m&amp#27;[39m
&amp#27;[35m[HTTP]&amp#27;[39m &amp#27;[37m-->&amp#27;[39m &amp#27;[37mPOST&amp#27;[39m &amp#27;[37m/wd/hub/session/f30ef747-b006-4939-982c-ad4afd34905f/timeouts&amp#27;[39m
&amp#27;[35m[HTTP]&amp#27;[39m &amp#27;[90m{"implicit":30000}&amp#27;[39m
[debug] &amp#27;[35m[W3C (f30ef747)]&amp#27;[39m Calling AppiumDriver.timeouts() with args: [null,null,null,null,30000,"f30ef747-b006-4939-982c-ad4afd34905f"]
[debug] &amp#27;[35m[BaseDriver]&amp#27;[39m W3C timeout argument: {"implicit":30000}}
[debug] &amp#27;[35m[BaseDriver]&amp#27;[39m Set implicit wait to 30000ms
[debug] &amp#27;[35m[W3C (f30ef747)]&amp#27;[39m Responding to client with driver.timeouts() result: null
&amp#27;[35m[HTTP]&amp#27;[39m &amp#27;[37m<-- POST /wd/hub/session/f30ef747-b006-4939-982c-ad4afd34905f/timeouts &amp#27;[39m&amp#27;[32m200&amp#27;[39m &amp#27;[90m4 ms - 14&amp#27;[39m
&amp#27;[35m[HTTP]&amp#27;[39m &amp#27;[90m&amp#27;[39m
&amp#27;[35m[HTTP]&amp#27;[39m &amp#27;[37m-->&amp#27;[39m &amp#27;[37mPOST&amp#27;[39m &amp#27;[37m/wd/hub/session/f30ef747-b006-4939-982c-ad4afd34905f/timeouts&amp#27;[39m
&amp#27;[35m[HTTP]&amp#27;[39m &amp#27;[90m{"implicit":10000}&amp#27;[39m
[debug] &amp#27;[35m[W3C (f30ef747)]&amp#27;[39m Calling AppiumDriver.timeouts() with args: [null,null,null,null,10000,"f30ef747-b006-4939-982c-ad4afd34905f"]
[debug] &amp#27;[35m[BaseDriver]&amp#27;[39m W3C timeout argument: {"implicit":10000}}
[debug] &amp#27;[35m[BaseDriver]&amp#27;[39m Set implicit wait to 10000ms
[debug] &amp#27;[35m[W3C (f30ef747)]&amp#27;[39m Responding to client with driver.timeouts() result: null
&amp#27;[35m[HTTP]&amp#27;[39m &amp#27;[37m<-- POST /wd/hub/session/f30ef747-b006-4939-982c-ad4afd34905f/timeouts &amp#27;[39m&amp#27;[32m200&amp#27;[39m &amp#27;[90m4 ms - 14&amp#27;[39m
&amp#27;[35m[HTTP]&amp#27;[39m &amp#27;[90m&amp#27;[39m
trying to find the Name field
&amp#27;[35m[HTTP]&amp#27;[39m &amp#27;[37m-->&amp#27;[39m &amp#27;[37mGET&amp#27;[39m &amp#27;[37m/wd/hub/session/f30ef747-b006-4939-982c-ad4afd34905f/context&amp#27;[39m
&amp#27;[35m[HTTP]&amp#27;[39m &amp#27;[90m{}&amp#27;[39m
[debug] &amp#27;[35m[W3C (f30ef747)]&amp#27;[39m Calling AppiumDriver.getCurrentContext() with args: ["f30ef747-b006-4939-982c-ad4afd34905f"]
[debug] &amp#27;[35m[W3C (f30ef747)]&amp#27;[39m Responding to client with driver.getCurrentContext() result: "NATIVE_APP"
&amp#27;[35m[HTTP]&amp#27;[39m &amp#27;[37m<-- GET /wd/hub/session/f30ef747-b006-4939-982c-ad4afd34905f/context &amp#27;[39m&amp#27;[32m200&amp#27;[39m &amp#27;[90m6 ms - 22&amp#27;[39m
&amp#27;[35m[HTTP]&amp#27;[39m &amp#27;[90m&amp#27;[39m
&amp#27;[35m[HTTP]&amp#27;[39m &amp#27;[37m-->&amp#27;[39m &amp#27;[37mPOST&amp#27;[39m &amp#27;[37m/wd/hub/session/f30ef747-b006-4939-982c-ad4afd34905f/element&amp#27;[39m
&amp#27;[35m[HTTP]&amp#27;[39m &amp#27;[90m{"using":"id","value":"com.androidsample.generalstore:id/nameField"}&amp#27;[39m
[debug] &amp#27;[35m[W3C (f30ef747)]&amp#27;[39m Calling AppiumDriver.findElement() with args: ["id","com.androidsample.generalstore:id/nameField","f30ef747-b006-4939-982c-ad4afd34905f"]
[debug] &amp#27;[35m[BaseDriver]&amp#27;[39m Valid locator strategies for this request: xpath, id, class name, accessibility id, css selector, -android uiautomator
[debug] &amp#27;[35m[BaseDriver]&amp#27;[39m Waiting up to 10000 ms for condition
[debug] &amp#27;[35m[WD Proxy]&amp#27;[39m Matched '/element' to command name 'findElement'
[debug] &amp#27;[35m[WD Proxy]&amp#27;[39m Proxying [POST /element] to [POST http://127.0.0.1:8203/wd/hub/session/d2d79aab-e527-4690-97bd-c0b834a0d4b7/element] with body: {"strategy":"id","selector":"com.androidsample.generalstore:id/nameField","context":"","multiple":false}
&amp#27;[35m[WD Proxy]&amp#27;[39m Got response with status 404: {"sessionId":"d2d79aab-e527-4690-97bd-c0b834a0d4b7","value":{"error":"no such element","message":"An element could not be located on the page using the given search parameters","stacktrace":"io.appium.uiautomator2.common.exceptions.ElementNotFoundException: An element could not be located on the page using the given search parameters\n\tat io.appium.uiautomator2.handler.FindElement.safeHandle(FindElement.java:68)\n\tat io.appium.uiautomator2.handler.request.SafeRequestHandler.handle(SafeRequestHandler.java:41)\n\tat io.appium.uiautomator2.server.AppiumServlet.handleRequest(AppiumServlet.java:262)\n\tat io.appium.uiautomator2.server.AppiumServlet.handleHttpRequest(AppiumServlet.java:256)\n\tat io.appium.uiautomator2.http.ServerHandler.channelRead(ServerHandler.java:68)\n\tat io.netty.channel.AbstractChannelHandlerContext.invokeChannelRead(AbstractChannelHandlerContext.java:366)\n\tat io.netty.channel.AbstractChannelHandlerContext.invokeChannelRead(AbstractChannelHandlerContext.java:352)\n\tat io.netty.chann...
[debug] &amp#27;[35m[W3C]&amp#27;[39m Matched W3C error code 'no such element' to NoSuchElementError
[debug] &amp#27;[35m[BaseDriver]&amp#27;[39m Waited for 50 ms so far
[debug] &amp#27;[35m[WD Proxy]&amp#27;[39m Matched '/element' to command name 'findElement'
[debug] &amp#27;[35m[WD Proxy]&amp#27;[39m Proxying [POST /element] to [POST http://127.0.0.1:8203/wd/hub/session/d2d79aab-e527-4690-97bd-c0b834a0d4b7/element] with body: {"strategy":"id","selector":"com.androidsample.generalstore:id/nameField","context":"","multiple":false}
&amp#27;[35m[WD Proxy]&amp#27;[39m Got response with status 404: {"sessionId":"d2d79aab-e527-4690-97bd-c0b834a0d4b7","value":{"error":"no such element","message":"An element could not be located on the page using the given search parameters","stacktrace":"io.appium.uiautomator2.common.exceptions.ElementNotFoundException: An element could not be located on the page using the given search parameters\n\tat io.appium.uiautomator2.handler.FindElement.safeHandle(FindElement.java:68)\n\tat io.appium.uiautomator2.handler.request.SafeRequestHandler.handle(SafeRequestHandler.java:41)\n\tat io.appium.uiautomator2.server.AppiumServlet.handleRequest(AppiumServlet.java:262)\n\tat io.appium.uiautomator2.server.AppiumServlet.handleHttpRequest(AppiumServlet.java:256)\n\tat io.appium.uiautomator2.http.ServerHandler.channelRead(ServerHandler.java:68)\n\tat io.netty.channel.AbstractChannelHandlerContext.invokeChannelRead(AbstractChannelHandlerContext.java:366)\n\tat io.netty.channel.AbstractChannelHandlerContext.invokeChannelRead(AbstractChannelHandlerContext.java:352)\n\tat io.netty.chann...
[debug] &amp#27;[35m[W3C]&amp#27;[39m Matched W3C error code 'no such element' to NoSuchElementError
[debug] &amp#27;[35m[BaseDriver]&amp#27;[39m Waited for 596 ms so far
[debug] &amp#27;[35m[WD Proxy]&amp#27;[39m Matched '/element' to command name 'findElement'
[debug] &amp#27;[35m[WD Proxy]&amp#27;[39m Proxying [POST /element] to [POST http://127.0.0.1:8203/wd/hub/session/d2d79aab-e527-4690-97bd-c0b834a0d4b7/element] with body: {"strategy":"id","selector":"com.androidsample.generalstore:id/nameField","context":"","multiple":false}
&amp#27;[35m[WD Proxy]&amp#27;[39m Got response with status 404: {"sessionId":"d2d79aab-e527-4690-97bd-c0b834a0d4b7","value":{"error":"no such element","message":"An element could not be located on the page using the given search parameters","stacktrace":"io.appium.uiautomator2.common.exceptions.ElementNotFoundException: An element could not be located on the page using the given search parameters\n\tat io.appium.uiautomator2.handler.FindElement.safeHandle(FindElement.java:68)\n\tat io.appium.uiautomator2.handler.request.SafeRequestHandler.handle(SafeRequestHandler.java:41)\n\tat io.appium.uiautomator2.server.AppiumServlet.handleRequest(AppiumServlet.java:262)\n\tat io.appium.uiautomator2.server.AppiumServlet.handleHttpRequest(AppiumServlet.java:256)\n\tat io.appium.uiautomator2.http.ServerHandler.channelRead(ServerHandler.java:68)\n\tat io.netty.channel.AbstractChannelHandlerContext.invokeChannelRead(AbstractChannelHandlerContext.java:366)\n\tat io.netty.channel.AbstractChannelHandlerContext.invokeChannelRead(AbstractChannelHandlerContext.java:352)\n\tat io.netty.chann...
[debug] &amp#27;[35m[W3C]&amp#27;[39m Matched W3C error code 'no such element' to NoSuchElementError
[debug] &amp#27;[35m[BaseDriver]&amp#27;[39m Waited for 1143 ms so far
[debug] &amp#27;[35m[WD Proxy]&amp#27;[39m Matched '/element' to command name 'findElement'
[debug] &amp#27;[35m[WD Proxy]&amp#27;[39m Proxying [POST /element] to [POST http://127.0.0.1:8203/wd/hub/session/d2d79aab-e527-4690-97bd-c0b834a0d4b7/element] with body: {"strategy":"id","selector":"com.androidsample.generalstore:id/nameField","context":"","multiple":false}
&amp#27;[35m[WD Proxy]&amp#27;[39m Got response with status 404: {"sessionId":"d2d79aab-e527-4690-97bd-c0b834a0d4b7","value":{"error":"no such element","message":"An element could not be located on the page using the given search parameters","stacktrace":"io.appium.uiautomator2.common.exceptions.ElementNotFoundException: An element could not be located on the page using the given search parameters\n\tat io.appium.uiautomator2.handler.FindElement.safeHandle(FindElement.java:68)\n\tat io.appium.uiautomator2.handler.request.SafeRequestHandler.handle(SafeRequestHandler.java:41)\n\tat io.appium.uiautomator2.server.AppiumServlet.handleRequest(AppiumServlet.java:262)\n\tat io.appium.uiautomator2.server.AppiumServlet.handleHttpRequest(AppiumServlet.java:256)\n\tat io.appium.uiautomator2.http.ServerHandler.channelRead(ServerHandler.java:68)\n\tat io.netty.channel.AbstractChannelHandlerContext.invokeChannelRead(AbstractChannelHandlerContext.java:366)\n\tat io.netty.channel.AbstractChannelHandlerContext.invokeChannelRead(AbstractChannelHandlerContext.java:352)\n\tat io.netty.chann...
[debug] &amp#27;[35m[W3C]&amp#27;[39m Matched W3C error code 'no such element' to NoSuchElementError
[debug] &amp#27;[35m[BaseDriver]&amp#27;[39m Waited for 1663 ms so far
[debug] &amp#27;[35m[WD Proxy]&amp#27;[39m Matched '/element' to command name 'findElement'
[debug] &amp#27;[35m[WD Proxy]&amp#27;[39m Proxying [POST /element] to [POST http://127.0.0.1:8203/wd/hub/session/d2d79aab-e527-4690-97bd-c0b834a0d4b7/element] with body: {"strategy":"id","selector":"com.androidsample.generalstore:id/nameField","context":"","multiple":false}
&amp#27;[35m[WD Proxy]&amp#27;[39m Got response with status 404: {"sessionId":"d2d79aab-e527-4690-97bd-c0b834a0d4b7","value":{"error":"no such element","message":"An element could not be located on the page using the given search parameters","stacktrace":"io.appium.uiautomator2.common.exceptions.ElementNotFoundException: An element could not be located on the page using the given search parameters\n\tat io.appium.uiautomator2.handler.FindElement.safeHandle(FindElement.java:68)\n\tat io.appium.uiautomator2.handler.request.SafeRequestHandler.handle(SafeRequestHandler.java:41)\n\tat io.appium.uiautomator2.server.AppiumServlet.handleRequest(AppiumServlet.java:262)\n\tat io.appium.uiautomator2.server.AppiumServlet.handleHttpRequest(AppiumServlet.java:256)\n\tat io.appium.uiautomator2.http.ServerHandler.channelRead(ServerHandler.java:68)\n\tat io.netty.channel.AbstractChannelHandlerContext.invokeChannelRead(AbstractChannelHandlerContext.java:366)\n\tat io.netty.channel.AbstractChannelHandlerContext.invokeChannelRead(AbstractChannelHandlerContext.java:352)\n\tat io.netty.chann...
[debug] &amp#27;[35m[W3C]&amp#27;[39m Matched W3C error code 'no such element' to NoSuchElementError
[debug] &amp#27;[35m[BaseDriver]&amp#27;[39m Waited for 2213 ms so far
[debug] &amp#27;[35m[WD Proxy]&amp#27;[39m Matched '/element' to command name 'findElement'
[debug] &amp#27;[35m[WD Proxy]&amp#27;[39m Proxying [POST /element] to [POST http://127.0.0.1:8203/wd/hub/session/d2d79aab-e527-4690-97bd-c0b834a0d4b7/element] with body: {"strategy":"id","selector":"com.androidsample.generalstore:id/nameField","context":"","multiple":false}
[debug] &amp#27;[35m[WD Proxy]&amp#27;[39m Got response with status 200: {"sessionId":"d2d79aab-e527-4690-97bd-c0b834a0d4b7","value":{"ELEMENT":"9bb55896-9925-45d9-ba08-e25d6a87dc6e","element-6066-11e4-a52e-4f735466cecf":"9bb55896-9925-45d9-ba08-e25d6a87dc6e"}}
[debug] &amp#27;[35m[W3C (f30ef747)]&amp#27;[39m Responding to client with driver.findElement() result: {"element-6066-11e4-a52e-4f735466cecf":"9bb55896-9925-45d9-ba08-e25d6a87dc6e","ELEMENT":"9bb55896-9925-45d9-ba08-e25d6a87dc6e"}
&amp#27;[35m[HTTP]&amp#27;[39m &amp#27;[37m<-- POST /wd/hub/session/f30ef747-b006-4939-982c-ad4afd34905f/element &amp#27;[39m&amp#27;[32m200&amp#27;[39m &amp#27;[90m3445 ms - 137&amp#27;[39m
&amp#27;[35m[HTTP]&amp#27;[39m &amp#27;[90m&amp#27;[39m
&amp#27;[35m[HTTP]&amp#27;[39m &amp#27;[37m-->&amp#27;[39m &amp#27;[37mPOST&amp#27;[39m &amp#27;[37m/wd/hub/session/f30ef747-b006-4939-982c-ad4afd34905f/element/9bb55896-9925-45d9-ba08-e25d6a87dc6e/value&amp#27;[39m
&amp#27;[35m[HTTP]&amp#27;[39m &amp#27;[90m{"id":"9bb55896-9925-45d9-ba08-e25d6a87dc6e","text":"hello","value":["h","e","l","l","o"]}&amp#27;[39m
[debug] &amp#27;[35m[W3C (f30ef747)]&amp#27;[39m Calling AppiumDriver.setValue() with args: [["h","e","l","l","o"],"9bb55896-9925-45d9-ba08-e25d6a87dc6e","f30ef747-b006-4939-982c-ad4afd34905f"]
[debug] &amp#27;[35m[WD Proxy]&amp#27;[39m Matched '/element/9bb55896-9925-45d9-ba08-e25d6a87dc6e/value' to command name 'setValue'
[debug] &amp#27;[35m[Protocol Converter]&amp#27;[39m Added 'value' property ["h","e","l","l","o"] to 'setValue' request body
[debug] &amp#27;[35m[WD Proxy]&amp#27;[39m Proxying [POST /element/9bb55896-9925-45d9-ba08-e25d6a87dc6e/value] to [POST http://127.0.0.1:8203/wd/hub/session/d2d79aab-e527-4690-97bd-c0b834a0d4b7/element/9bb55896-9925-45d9-ba08-e25d6a87dc6e/value] with body: {"elementId":"9bb55896-9925-45d9-ba08-e25d6a87dc6e","text":"hello","replace":false,"value":["h","e","l","l","o"]}
[debug] &amp#27;[35m[WD Proxy]&amp#27;[39m Got response with status 200: {"sessionId":"d2d79aab-e527-4690-97bd-c0b834a0d4b7","value":null}
[debug] &amp#27;[35m[W3C (f30ef747)]&amp#27;[39m Responding to client with driver.setValue() result: null
&amp#27;[35m[HTTP]&amp#27;[39m &amp#27;[37m<-- POST /wd/hub/session/f30ef747-b006-4939-982c-ad4afd34905f/element/9bb55896-9925-45d9-ba08-e25d6a87dc6e/value &amp#27;[39m&amp#27;[32m200&amp#27;[39m &amp#27;[90m574 ms - 14&amp#27;[39m
&amp#27;[35m[HTTP]&amp#27;[39m &amp#27;[90m&amp#27;[39m
&amp#27;[35m[HTTP]&amp#27;[39m &amp#27;[37m-->&amp#27;[39m &amp#27;[37mPOST&amp#27;[39m &amp#27;[37m/wd/hub/session/f30ef747-b006-4939-982c-ad4afd34905f/appium/device/hide_keyboard&amp#27;[39m
&amp#27;[35m[HTTP]&amp#27;[39m &amp#27;[90m{}&amp#27;[39m
[debug] &amp#27;[35m[W3C (f30ef747)]&amp#27;[39m Calling AppiumDriver.hideKeyboard() with args: [null,null,null,null,"f30ef747-b006-4939-982c-ad4afd34905f"]
[debug] &amp#27;[35m[ADB]&amp#27;[39m Running 'C:\Users\Shivhind\AppData\Local\Android\Sdk\platform-tools\adb.exe -P 5037 -s emulator-5554 shell dumpsys input_method'
&amp#27;[35m[AndroidDriver]&amp#27;[39m Keyboard has no UI; no closing necessary
[debug] &amp#27;[35m[W3C (f30ef747)]&amp#27;[39m Responding to client with driver.hideKeyboard() result: null
&amp#27;[35m[HTTP]&amp#27;[39m &amp#27;[37m<-- POST /wd/hub/session/f30ef747-b006-4939-982c-ad4afd34905f/appium/device/hide_keyboard &amp#27;[39m&amp#27;[32m200&amp#27;[39m &amp#27;[90m174 ms - 14&amp#27;[39m
&amp#27;[35m[HTTP]&amp#27;[39m &amp#27;[90m&amp#27;[39m
&amp#27;[35m[HTTP]&amp#27;[39m &amp#27;[37m-->&amp#27;[39m &amp#27;[37mGET&amp#27;[39m &amp#27;[37m/wd/hub/session/f30ef747-b006-4939-982c-ad4afd34905f/context&amp#27;[39m
&amp#27;[35m[HTTP]&amp#27;[39m &amp#27;[90m{}&amp#27;[39m
[debug] &amp#27;[35m[W3C (f30ef747)]&amp#27;[39m Calling AppiumDriver.getCurrentContext() with args: ["f30ef747-b006-4939-982c-ad4afd34905f"]
[debug] &amp#27;[35m[W3C (f30ef747)]&amp#27;[39m Responding to client with driver.getCurrentContext() result: "NATIVE_APP"
&amp#27;[35m[HTTP]&amp#27;[39m &amp#27;[37m<-- GET /wd/hub/session/f30ef747-b006-4939-982c-ad4afd34905f/context &amp#27;[39m&amp#27;[32m200&amp#27;[39m &amp#27;[90m2 ms - 22&amp#27;[39m
&amp#27;[35m[HTTP]&amp#27;[39m &amp#27;[90m&amp#27;[39m
&amp#27;[35m[HTTP]&amp#27;[39m &amp#27;[37m-->&amp#27;[39m &amp#27;[37mPOST&amp#27;[39m &amp#27;[37m/wd/hub/session/f30ef747-b006-4939-982c-ad4afd34905f/element&amp#27;[39m
&amp#27;[35m[HTTP]&amp#27;[39m &amp#27;[90m{"using":"xpath","value":"//*[@text='Female']"}&amp#27;[39m
[debug] &amp#27;[35m[W3C (f30ef747)]&amp#27;[39m Calling AppiumDriver.findElement() with args: ["xpath","//*[@text='Female']","f30ef747-b006-4939-982c-ad4afd34905f"]
[debug] &amp#27;[35m[BaseDriver]&amp#27;[39m Valid locator strategies for this request: xpath, id, class name, accessibility id, css selector, -android uiautomator
[debug] &amp#27;[35m[BaseDriver]&amp#27;[39m Waiting up to 10000 ms for condition
[debug] &amp#27;[35m[WD Proxy]&amp#27;[39m Matched '/element' to command name 'findElement'
[debug] &amp#27;[35m[WD Proxy]&amp#27;[39m Proxying [POST /element] to [POST http://127.0.0.1:8203/wd/hub/session/d2d79aab-e527-4690-97bd-c0b834a0d4b7/element] with body: {"strategy":"xpath","selector":"//*[@text='Female']","context":"","multiple":false}
[debug] &amp#27;[35m[WD Proxy]&amp#27;[39m Got response with status 200: {"sessionId":"d2d79aab-e527-4690-97bd-c0b834a0d4b7","value":{"ELEMENT":"c146808a-3d4a-44a6-8fd0-401a5f1d6b1e","element-6066-11e4-a52e-4f735466cecf":"c146808a-3d4a-44a6-8fd0-401a5f1d6b1e"}}
[debug] &amp#27;[35m[W3C (f30ef747)]&amp#27;[39m Responding to client with driver.findElement() result: {"element-6066-11e4-a52e-4f735466cecf":"c146808a-3d4a-44a6-8fd0-401a5f1d6b1e","ELEMENT":"c146808a-3d4a-44a6-8fd0-401a5f1d6b1e"}
&amp#27;[35m[HTTP]&amp#27;[39m &amp#27;[37m<-- POST /wd/hub/session/f30ef747-b006-4939-982c-ad4afd34905f/element &amp#27;[39m&amp#27;[32m200&amp#27;[39m &amp#27;[90m380 ms - 137&amp#27;[39m
&amp#27;[35m[HTTP]&amp#27;[39m &amp#27;[90m&amp#27;[39m
&amp#27;[35m[HTTP]&amp#27;[39m &amp#27;[37m-->&amp#27;[39m &amp#27;[37mPOST&amp#27;[39m &amp#27;[37m/wd/hub/session/f30ef747-b006-4939-982c-ad4afd34905f/element/c146808a-3d4a-44a6-8fd0-401a5f1d6b1e/click&amp#27;[39m
&amp#27;[35m[HTTP]&amp#27;[39m &amp#27;[90m{"id":"c146808a-3d4a-44a6-8fd0-401a5f1d6b1e"}&amp#27;[39m
[debug] &amp#27;[35m[W3C (f30ef747)]&amp#27;[39m Calling AppiumDriver.click() with args: ["c146808a-3d4a-44a6-8fd0-401a5f1d6b1e","f30ef747-b006-4939-982c-ad4afd34905f"]
[debug] &amp#27;[35m[WD Proxy]&amp#27;[39m Matched '/element/c146808a-3d4a-44a6-8fd0-401a5f1d6b1e/click' to command name 'click'
[debug] &amp#27;[35m[WD Proxy]&amp#27;[39m Proxying [POST /element/c146808a-3d4a-44a6-8fd0-401a5f1d6b1e/click] to [POST http://127.0.0.1:8203/wd/hub/session/d2d79aab-e527-4690-97bd-c0b834a0d4b7/element/c146808a-3d4a-44a6-8fd0-401a5f1d6b1e/click] with body: {"element":"c146808a-3d4a-44a6-8fd0-401a5f1d6b1e"}
[debug] &amp#27;[35m[WD Proxy]&amp#27;[39m Got response with status 200: {"sessionId":"d2d79aab-e527-4690-97bd-c0b834a0d4b7","value":null}
[debug] &amp#27;[35m[W3C (f30ef747)]&amp#27;[39m Responding to client with driver.click() result: null
&amp#27;[35m[HTTP]&amp#27;[39m &amp#27;[37m<-- POST /wd/hub/session/f30ef747-b006-4939-982c-ad4afd34905f/element/c146808a-3d4a-44a6-8fd0-401a5f1d6b1e/click &amp#27;[39m&amp#27;[32m200&amp#27;[39m &amp#27;[90m43 ms - 14&amp#27;[39m
&amp#27;[35m[HTTP]&amp#27;[39m &amp#27;[90m&amp#27;[39m
Selecting the option from dropdown
&amp#27;[35m[HTTP]&amp#27;[39m &amp#27;[37m-->&amp#27;[39m &amp#27;[37mGET&amp#27;[39m &amp#27;[37m/wd/hub/session/f30ef747-b006-4939-982c-ad4afd34905f/context&amp#27;[39m
&amp#27;[35m[HTTP]&amp#27;[39m &amp#27;[90m{}&amp#27;[39m
[debug] &amp#27;[35m[W3C (f30ef747)]&amp#27;[39m Calling AppiumDriver.getCurrentContext() with args: ["f30ef747-b006-4939-982c-ad4afd34905f"]
[debug] &amp#27;[35m[W3C (f30ef747)]&amp#27;[39m Responding to client with driver.getCurrentContext() result: "NATIVE_APP"
&amp#27;[35m[HTTP]&amp#27;[39m &amp#27;[37m<-- GET /wd/hub/session/f30ef747-b006-4939-982c-ad4afd34905f/context &amp#27;[39m&amp#27;[32m200&amp#27;[39m &amp#27;[90m2 ms - 22&amp#27;[39m
&amp#27;[35m[HTTP]&amp#27;[39m &amp#27;[90m&amp#27;[39m
&amp#27;[35m[HTTP]&amp#27;[39m &amp#27;[37m-->&amp#27;[39m &amp#27;[37mPOST&amp#27;[39m &amp#27;[37m/wd/hub/session/f30ef747-b006-4939-982c-ad4afd34905f/element&amp#27;[39m
&amp#27;[35m[HTTP]&amp#27;[39m &amp#27;[90m{"using":"id","value":"android:id/text1"}&amp#27;[39m
[debug] &amp#27;[35m[W3C (f30ef747)]&amp#27;[39m Calling AppiumDriver.findElement() with args: ["id","android:id/text1","f30ef747-b006-4939-982c-ad4afd34905f"]
[debug] &amp#27;[35m[BaseDriver]&amp#27;[39m Valid locator strategies for this request: xpath, id, class name, accessibility id, css selector, -android uiautomator
[debug] &amp#27;[35m[BaseDriver]&amp#27;[39m Waiting up to 10000 ms for condition
[debug] &amp#27;[35m[WD Proxy]&amp#27;[39m Matched '/element' to command name 'findElement'
[debug] &amp#27;[35m[WD Proxy]&amp#27;[39m Proxying [POST /element] to [POST http://127.0.0.1:8203/wd/hub/session/d2d79aab-e527-4690-97bd-c0b834a0d4b7/element] with body: {"strategy":"id","selector":"android:id/text1","context":"","multiple":false}
[debug] &amp#27;[35m[WD Proxy]&amp#27;[39m Got response with status 200: {"sessionId":"d2d79aab-e527-4690-97bd-c0b834a0d4b7","value":{"ELEMENT":"b3c26fcd-9496-4a6f-b08d-3ec58e35b119","element-6066-11e4-a52e-4f735466cecf":"b3c26fcd-9496-4a6f-b08d-3ec58e35b119"}}
[debug] &amp#27;[35m[W3C (f30ef747)]&amp#27;[39m Responding to client with driver.findElement() result: {"element-6066-11e4-a52e-4f735466cecf":"b3c26fcd-9496-4a6f-b08d-3ec58e35b119","ELEMENT":"b3c26fcd-9496-4a6f-b08d-3ec58e35b119"}
&amp#27;[35m[HTTP]&amp#27;[39m &amp#27;[37m<-- POST /wd/hub/session/f30ef747-b006-4939-982c-ad4afd34905f/element &amp#27;[39m&amp#27;[32m200&amp#27;[39m &amp#27;[90m43 ms - 137&amp#27;[39m
&amp#27;[35m[HTTP]&amp#27;[39m &amp#27;[90m&amp#27;[39m
&amp#27;[35m[HTTP]&amp#27;[39m &amp#27;[37m-->&amp#27;[39m &amp#27;[37mPOST&amp#27;[39m &amp#27;[37m/wd/hub/session/f30ef747-b006-4939-982c-ad4afd34905f/element/b3c26fcd-9496-4a6f-b08d-3ec58e35b119/click&amp#27;[39m
&amp#27;[35m[HTTP]&amp#27;[39m &amp#27;[90m{"id":"b3c26fcd-9496-4a6f-b08d-3ec58e35b119"}&amp#27;[39m
[debug] &amp#27;[35m[W3C (f30ef747)]&amp#27;[39m Calling AppiumDriver.click() with args: ["b3c26fcd-9496-4a6f-b08d-3ec58e35b119","f30ef747-b006-4939-982c-ad4afd34905f"]
[debug] &amp#27;[35m[WD Proxy]&amp#27;[39m Matched '/element/b3c26fcd-9496-4a6f-b08d-3ec58e35b119/click' to command name 'click'
[debug] &amp#27;[35m[WD Proxy]&amp#27;[39m Proxying [POST /element/b3c26fcd-9496-4a6f-b08d-3ec58e35b119/click] to [POST http://127.0.0.1:8203/wd/hub/session/d2d79aab-e527-4690-97bd-c0b834a0d4b7/element/b3c26fcd-9496-4a6f-b08d-3ec58e35b119/click] with body: {"element":"b3c26fcd-9496-4a6f-b08d-3ec58e35b119"}
[debug] &amp#27;[35m[WD Proxy]&amp#27;[39m Got response with status 200: {"sessionId":"d2d79aab-e527-4690-97bd-c0b834a0d4b7","value":null}
[debug] &amp#27;[35m[W3C (f30ef747)]&amp#27;[39m Responding to client with driver.click() result: null
&amp#27;[35m[HTTP]&amp#27;[39m &amp#27;[37m<-- POST /wd/hub/session/f30ef747-b006-4939-982c-ad4afd34905f/element/b3c26fcd-9496-4a6f-b08d-3ec58e35b119/click &amp#27;[39m&amp#27;[32m200&amp#27;[39m &amp#27;[90m569 ms - 14&amp#27;[39m
&amp#27;[35m[HTTP]&amp#27;[39m &amp#27;[90m&amp#27;[39m
&amp#27;[35m[HTTP]&amp#27;[39m &amp#27;[37m-->&amp#27;[39m &amp#27;[37mPOST&amp#27;[39m &amp#27;[37m/wd/hub/session/f30ef747-b006-4939-982c-ad4afd34905f/element&amp#27;[39m
&amp#27;[35m[HTTP]&amp#27;[39m &amp#27;[90m{"using":"-android uiautomator","value":"new UiScrollable(new UiSelector()).scrollIntoView(text(\"Argentina\"));"}&amp#27;[39m
[debug] &amp#27;[35m[W3C (f30ef747)]&amp#27;[39m Calling AppiumDriver.findElement() with args: ["-android uiautomator","new UiScrollable(new UiSelector()).scrollIntoView(text(\"Argentina\"));","f30ef747-b006-4939-982c-ad4afd34905f"]
[debug] &amp#27;[35m[BaseDriver]&amp#27;[39m Valid locator strategies for this request: xpath, id, class name, accessibility id, css selector, -android uiautomator
[debug] &amp#27;[35m[BaseDriver]&amp#27;[39m Waiting up to 10000 ms for condition
[debug] &amp#27;[35m[WD Proxy]&amp#27;[39m Matched '/element' to command name 'findElement'
[debug] &amp#27;[35m[WD Proxy]&amp#27;[39m Proxying [POST /element] to [POST http://127.0.0.1:8203/wd/hub/session/d2d79aab-e527-4690-97bd-c0b834a0d4b7/element] with body: {"strategy":"-android uiautomator","selector":"new UiScrollable(new UiSelector()).scrollIntoView(text(\"Argentina\"));","context":"","multiple":false}
[debug] &amp#27;[35m[WD Proxy]&amp#27;[39m Got response with status 200: {"sessionId":"d2d79aab-e527-4690-97bd-c0b834a0d4b7","value":{"ELEMENT":"05e70619-3c9e-4710-a61d-2893a20d90a5","element-6066-11e4-a52e-4f735466cecf":"05e70619-3c9e-4710-a61d-2893a20d90a5"}}
[debug] &amp#27;[35m[W3C (f30ef747)]&amp#27;[39m Responding to client with driver.findElement() result: {"element-6066-11e4-a52e-4f735466cecf":"05e70619-3c9e-4710-a61d-2893a20d90a5","ELEMENT":"05e70619-3c9e-4710-a61d-2893a20d90a5"}
&amp#27;[35m[HTTP]&amp#27;[39m &amp#27;[37m<-- POST /wd/hub/session/f30ef747-b006-4939-982c-ad4afd34905f/element &amp#27;[39m&amp#27;[32m200&amp#27;[39m &amp#27;[90m4112 ms - 137&amp#27;[39m
&amp#27;[35m[HTTP]&amp#27;[39m &amp#27;[90m&amp#27;[39m
&amp#27;[35m[HTTP]&amp#27;[39m &amp#27;[37m-->&amp#27;[39m &amp#27;[37mPOST&amp#27;[39m &amp#27;[37m/wd/hub/session/f30ef747-b006-4939-982c-ad4afd34905f/element&amp#27;[39m
&amp#27;[35m[HTTP]&amp#27;[39m &amp#27;[90m{"using":"xpath","value":"//*[@text='Argentina']"}&amp#27;[39m
[debug] &amp#27;[35m[W3C (f30ef747)]&amp#27;[39m Calling AppiumDriver.findElement() with args: ["xpath","//*[@text='Argentina']","f30ef747-b006-4939-982c-ad4afd34905f"]
[debug] &amp#27;[35m[BaseDriver]&amp#27;[39m Valid locator strategies for this request: xpath, id, class name, accessibility id, css selector, -android uiautomator
[debug] &amp#27;[35m[BaseDriver]&amp#27;[39m Waiting up to 10000 ms for condition
[debug] &amp#27;[35m[WD Proxy]&amp#27;[39m Matched '/element' to command name 'findElement'
[debug] &amp#27;[35m[WD Proxy]&amp#27;[39m Proxying [POST /element] to [POST http://127.0.0.1:8203/wd/hub/session/d2d79aab-e527-4690-97bd-c0b834a0d4b7/element] with body: {"strategy":"xpath","selector":"//*[@text='Argentina']","context":"","multiple":false}
[debug] &amp#27;[35m[WD Proxy]&amp#27;[39m Got response with status 200: {"sessionId":"d2d79aab-e527-4690-97bd-c0b834a0d4b7","value":{"ELEMENT":"162cf41f-1b06-4952-8777-06b483c50b18","element-6066-11e4-a52e-4f735466cecf":"162cf41f-1b06-4952-8777-06b483c50b18"}}
[debug] &amp#27;[35m[W3C (f30ef747)]&amp#27;[39m Responding to client with driver.findElement() result: {"element-6066-11e4-a52e-4f735466cecf":"162cf41f-1b06-4952-8777-06b483c50b18","ELEMENT":"162cf41f-1b06-4952-8777-06b483c50b18"}
&amp#27;[35m[HTTP]&amp#27;[39m &amp#27;[37m<-- POST /wd/hub/session/f30ef747-b006-4939-982c-ad4afd34905f/element &amp#27;[39m&amp#27;[32m200&amp#27;[39m &amp#27;[90m40 ms - 137&amp#27;[39m
&amp#27;[35m[HTTP]&amp#27;[39m &amp#27;[90m&amp#27;[39m
&amp#27;[35m[HTTP]&amp#27;[39m &amp#27;[37m-->&amp#27;[39m &amp#27;[37mPOST&amp#27;[39m &amp#27;[37m/wd/hub/session/f30ef747-b006-4939-982c-ad4afd34905f/element/162cf41f-1b06-4952-8777-06b483c50b18/click&amp#27;[39m
&amp#27;[35m[HTTP]&amp#27;[39m &amp#27;[90m{"id":"162cf41f-1b06-4952-8777-06b483c50b18"}&amp#27;[39m
[debug] &amp#27;[35m[W3C (f30ef747)]&amp#27;[39m Calling AppiumDriver.click() with args: ["162cf41f-1b06-4952-8777-06b483c50b18","f30ef747-b006-4939-982c-ad4afd34905f"]
[debug] &amp#27;[35m[WD Proxy]&amp#27;[39m Matched '/element/162cf41f-1b06-4952-8777-06b483c50b18/click' to command name 'click'
[debug] &amp#27;[35m[WD Proxy]&amp#27;[39m Proxying [POST /element/162cf41f-1b06-4952-8777-06b483c50b18/click] to [POST http://127.0.0.1:8203/wd/hub/session/d2d79aab-e527-4690-97bd-c0b834a0d4b7/element/162cf41f-1b06-4952-8777-06b483c50b18/click] with body: {"element":"162cf41f-1b06-4952-8777-06b483c50b18"}
[debug] &amp#27;[35m[WD Proxy]&amp#27;[39m Got response with status 200: {"sessionId":"d2d79aab-e527-4690-97bd-c0b834a0d4b7","value":null}
[debug] &amp#27;[35m[W3C (f30ef747)]&amp#27;[39m Responding to client with driver.click() result: null
&amp#27;[35m[HTTP]&amp#27;[39m &amp#27;[37m<-- POST /wd/hub/session/f30ef747-b006-4939-982c-ad4afd34905f/element/162cf41f-1b06-4952-8777-06b483c50b18/click &amp#27;[39m&amp#27;[32m200&amp#27;[39m &amp#27;[90m705 ms - 14&amp#27;[39m
&amp#27;[35m[HTTP]&amp#27;[39m &amp#27;[90m&amp#27;[39m
&amp#27;[35m[HTTP]&amp#27;[39m &amp#27;[37m-->&amp#27;[39m &amp#27;[37mPOST&amp#27;[39m &amp#27;[37m/wd/hub/session/f30ef747-b006-4939-982c-ad4afd34905f/element&amp#27;[39m
&amp#27;[35m[HTTP]&amp#27;[39m &amp#27;[90m{"using":"id","value":"com.androidsample.generalstore:id/btnLetsShop"}&amp#27;[39m
[debug] &amp#27;[35m[W3C (f30ef747)]&amp#27;[39m Calling AppiumDriver.findElement() with args: ["id","com.androidsample.generalstore:id/btnLetsShop","f30ef747-b006-4939-982c-ad4afd34905f"]
[debug] &amp#27;[35m[BaseDriver]&amp#27;[39m Valid locator strategies for this request: xpath, id, class name, accessibility id, css selector, -android uiautomator
[debug] &amp#27;[35m[BaseDriver]&amp#27;[39m Waiting up to 10000 ms for condition
[debug] &amp#27;[35m[WD Proxy]&amp#27;[39m Matched '/element' to command name 'findElement'
[debug] &amp#27;[35m[WD Proxy]&amp#27;[39m Proxying [POST /element] to [POST http://127.0.0.1:8203/wd/hub/session/d2d79aab-e527-4690-97bd-c0b834a0d4b7/element] with body: {"strategy":"id","selector":"com.androidsample.generalstore:id/btnLetsShop","context":"","multiple":false}
[debug] &amp#27;[35m[WD Proxy]&amp#27;[39m Got response with status 200: {"sessionId":"d2d79aab-e527-4690-97bd-c0b834a0d4b7","value":{"ELEMENT":"16aa5b8d-d3e3-40ec-8fc3-173773eb0f87","element-6066-11e4-a52e-4f735466cecf":"16aa5b8d-d3e3-40ec-8fc3-173773eb0f87"}}
[debug] &amp#27;[35m[W3C (f30ef747)]&amp#27;[39m Responding to client with driver.findElement() result: {"element-6066-11e4-a52e-4f735466cecf":"16aa5b8d-d3e3-40ec-8fc3-173773eb0f87","ELEMENT":"16aa5b8d-d3e3-40ec-8fc3-173773eb0f87"}
&amp#27;[35m[HTTP]&amp#27;[39m &amp#27;[37m<-- POST /wd/hub/session/f30ef747-b006-4939-982c-ad4afd34905f/element &amp#27;[39m&amp#27;[32m200&amp#27;[39m &amp#27;[90m32 ms - 137&amp#27;[39m
&amp#27;[35m[HTTP]&amp#27;[39m &amp#27;[90m&amp#27;[39m
&amp#27;[35m[HTTP]&amp#27;[39m &amp#27;[37m-->&amp#27;[39m &amp#27;[37mPOST&amp#27;[39m &amp#27;[37m/wd/hub/session/f30ef747-b006-4939-982c-ad4afd34905f/element/16aa5b8d-d3e3-40ec-8fc3-173773eb0f87/click&amp#27;[39m
&amp#27;[35m[HTTP]&amp#27;[39m &amp#27;[90m{"id":"16aa5b8d-d3e3-40ec-8fc3-173773eb0f87"}&amp#27;[39m
[debug] &amp#27;[35m[W3C (f30ef747)]&amp#27;[39m Calling AppiumDriver.click() with args: ["16aa5b8d-d3e3-40ec-8fc3-173773eb0f87","f30ef747-b006-4939-982c-ad4afd34905f"]
[debug] &amp#27;[35m[WD Proxy]&amp#27;[39m Matched '/element/16aa5b8d-d3e3-40ec-8fc3-173773eb0f87/click' to command name 'click'
[debug] &amp#27;[35m[WD Proxy]&amp#27;[39m Proxying [POST /element/16aa5b8d-d3e3-40ec-8fc3-173773eb0f87/click] to [POST http://127.0.0.1:8203/wd/hub/session/d2d79aab-e527-4690-97bd-c0b834a0d4b7/element/16aa5b8d-d3e3-40ec-8fc3-173773eb0f87/click] with body: {"element":"16aa5b8d-d3e3-40ec-8fc3-173773eb0f87"}
[debug] &amp#27;[35m[WD Proxy]&amp#27;[39m Got response with status 200: {"sessionId":"d2d79aab-e527-4690-97bd-c0b834a0d4b7","value":null}
[debug] &amp#27;[35m[W3C (f30ef747)]&amp#27;[39m Responding to client with driver.click() result: null
&amp#27;[35m[HTTP]&amp#27;[39m &amp#27;[37m<-- POST /wd/hub/session/f30ef747-b006-4939-982c-ad4afd34905f/element/16aa5b8d-d3e3-40ec-8fc3-173773eb0f87/click &amp#27;[39m&amp#27;[32m200&amp#27;[39m &amp#27;[90m35 ms - 14&amp#27;[39m
&amp#27;[35m[HTTP]&amp#27;[39m &amp#27;[90m&amp#27;[39m
&amp#27;[35m[HTTP]&amp#27;[39m &amp#27;[37m-->&amp#27;[39m &amp#27;[37mPOST&amp#27;[39m &amp#27;[37m/wd/hub/session/f30ef747-b006-4939-982c-ad4afd34905f/elements&amp#27;[39m
&amp#27;[35m[HTTP]&amp#27;[39m &amp#27;[90m{"using":"xpath","value":"//*[@text='ADD TO CART']"}&amp#27;[39m
[debug] &amp#27;[35m[W3C (f30ef747)]&amp#27;[39m Calling AppiumDriver.findElements() with args: ["xpath","//*[@text='ADD TO CART']","f30ef747-b006-4939-982c-ad4afd34905f"]
[debug] &amp#27;[35m[BaseDriver]&amp#27;[39m Valid locator strategies for this request: xpath, id, class name, accessibility id, css selector, -android uiautomator
[debug] &amp#27;[35m[BaseDriver]&amp#27;[39m Waiting up to 10000 ms for condition
[debug] &amp#27;[35m[WD Proxy]&amp#27;[39m Matched '/elements' to command name 'findElements'
[debug] &amp#27;[35m[WD Proxy]&amp#27;[39m Proxying [POST /elements] to [POST http://127.0.0.1:8203/wd/hub/session/d2d79aab-e527-4690-97bd-c0b834a0d4b7/elements] with body: {"strategy":"xpath","selector":"//*[@text='ADD TO CART']","context":"","multiple":true}
[debug] &amp#27;[35m[WD Proxy]&amp#27;[39m Got response with status 200: {"sessionId":"d2d79aab-e527-4690-97bd-c0b834a0d4b7","value":[]}
[debug] &amp#27;[35m[BaseDriver]&amp#27;[39m Waited for 107 ms so far
[debug] &amp#27;[35m[WD Proxy]&amp#27;[39m Matched '/elements' to command name 'findElements'
[debug] &amp#27;[35m[WD Proxy]&amp#27;[39m Proxying [POST /elements] to [POST http://127.0.0.1:8203/wd/hub/session/d2d79aab-e527-4690-97bd-c0b834a0d4b7/elements] with body: {"strategy":"xpath","selector":"//*[@text='ADD TO CART']","context":"","multiple":true}
[debug] &amp#27;[35m[WD Proxy]&amp#27;[39m Got response with status 200: {"sessionId":"d2d79aab-e527-4690-97bd-c0b834a0d4b7","value":[{"ELEMENT":"1fe3b05c-4198-4b9c-8445-1f521d8504cb","element-6066-11e4-a52e-4f735466cecf":"1fe3b05c-4198-4b9c-8445-1f521d8504cb"},{"ELEMENT":"cd47527c-2e5b-4699-9ff0-f057cf467381","element-6066-11e4-a52e-4f735466cecf":"cd47527c-2e5b-4699-9ff0-f057cf467381"}]}
[debug] &amp#27;[35m[W3C (f30ef747)]&amp#27;[39m Responding to client with driver.findElements() result: [{"element-6066-11e4-a52e-4f735466cecf":"1fe3b05c-4198-4b9c-8445-1f521d8504cb","ELEMENT":"1fe3b05c-4198-4b9c-8445-1f521d8504cb"},{"element-6066-11e4-a52e-4f735466cecf":"cd47527c-2e5b-4699-9ff0-f057cf467381","ELEMENT":"cd47527c-2e5b-4699-9ff0-f057cf467381"}]
&amp#27;[35m[HTTP]&amp#27;[39m &amp#27;[37m<-- POST /wd/hub/session/f30ef747-b006-4939-982c-ad4afd34905f/elements &amp#27;[39m&amp#27;[32m200&amp#27;[39m &amp#27;[90m858 ms - 267&amp#27;[39m
&amp#27;[35m[HTTP]&amp#27;[39m &amp#27;[90m&amp#27;[39m
&amp#27;[35m[HTTP]&amp#27;[39m &amp#27;[37m-->&amp#27;[39m &amp#27;[37mPOST&amp#27;[39m &amp#27;[37m/wd/hub/session/f30ef747-b006-4939-982c-ad4afd34905f/element/1fe3b05c-4198-4b9c-8445-1f521d8504cb/click&amp#27;[39m
&amp#27;[35m[HTTP]&amp#27;[39m &amp#27;[90m{"id":"1fe3b05c-4198-4b9c-8445-1f521d8504cb"}&amp#27;[39m
[debug] &amp#27;[35m[W3C (f30ef747)]&amp#27;[39m Calling AppiumDriver.click() with args: ["1fe3b05c-4198-4b9c-8445-1f521d8504cb","f30ef747-b006-4939-982c-ad4afd34905f"]
[debug] &amp#27;[35m[WD Proxy]&amp#27;[39m Matched '/element/1fe3b05c-4198-4b9c-8445-1f521d8504cb/click' to command name 'click'
[debug] &amp#27;[35m[WD Proxy]&amp#27;[39m Proxying [POST /element/1fe3b05c-4198-4b9c-8445-1f521d8504cb/click] to [POST http://127.0.0.1:8203/wd/hub/session/d2d79aab-e527-4690-97bd-c0b834a0d4b7/element/1fe3b05c-4198-4b9c-8445-1f521d8504cb/click] with body: {"element":"1fe3b05c-4198-4b9c-8445-1f521d8504cb"}
[debug] &amp#27;[35m[WD Proxy]&amp#27;[39m Got response with status 200: {"sessionId":"d2d79aab-e527-4690-97bd-c0b834a0d4b7","value":null}
[debug] &amp#27;[35m[W3C (f30ef747)]&amp#27;[39m Responding to client with driver.click() result: null
&amp#27;[35m[HTTP]&amp#27;[39m &amp#27;[37m<-- POST /wd/hub/session/f30ef747-b006-4939-982c-ad4afd34905f/element/1fe3b05c-4198-4b9c-8445-1f521d8504cb/click &amp#27;[39m&amp#27;[32m200&amp#27;[39m &amp#27;[90m529 ms - 14&amp#27;[39m
&amp#27;[35m[HTTP]&amp#27;[39m &amp#27;[90m&amp#27;[39m
&amp#27;[35m[HTTP]&amp#27;[39m &amp#27;[37m-->&amp#27;[39m &amp#27;[37mPOST&amp#27;[39m &amp#27;[37m/wd/hub/session/f30ef747-b006-4939-982c-ad4afd34905f/elements&amp#27;[39m
&amp#27;[35m[HTTP]&amp#27;[39m &amp#27;[90m{"using":"xpath","value":"//*[@text='ADD TO CART']"}&amp#27;[39m
[debug] &amp#27;[35m[W3C (f30ef747)]&amp#27;[39m Calling AppiumDriver.findElements() with args: ["xpath","//*[@text='ADD TO CART']","f30ef747-b006-4939-982c-ad4afd34905f"]
[debug] &amp#27;[35m[BaseDriver]&amp#27;[39m Valid locator strategies for this request: xpath, id, class name, accessibility id, css selector, -android uiautomator
[debug] &amp#27;[35m[BaseDriver]&amp#27;[39m Waiting up to 10000 ms for condition
[debug] &amp#27;[35m[WD Proxy]&amp#27;[39m Matched '/elements' to command name 'findElements'
[debug] &amp#27;[35m[WD Proxy]&amp#27;[39m Proxying [POST /elements] to [POST http://127.0.0.1:8203/wd/hub/session/d2d79aab-e527-4690-97bd-c0b834a0d4b7/elements] with body: {"strategy":"xpath","selector":"//*[@text='ADD TO CART']","context":"","multiple":true}
[debug] &amp#27;[35m[WD Proxy]&amp#27;[39m Got response with status 200: {"sessionId":"d2d79aab-e527-4690-97bd-c0b834a0d4b7","value":[{"ELEMENT":"9eff23ba-ddb6-4875-8e0b-33ff72479f81","element-6066-11e4-a52e-4f735466cecf":"9eff23ba-ddb6-4875-8e0b-33ff72479f81"}]}
[debug] &amp#27;[35m[W3C (f30ef747)]&amp#27;[39m Responding to client with driver.findElements() result: [{"element-6066-11e4-a52e-4f735466cecf":"9eff23ba-ddb6-4875-8e0b-33ff72479f81","ELEMENT":"9eff23ba-ddb6-4875-8e0b-33ff72479f81"}]
&amp#27;[35m[HTTP]&amp#27;[39m &amp#27;[37m<-- POST /wd/hub/session/f30ef747-b006-4939-982c-ad4afd34905f/elements &amp#27;[39m&amp#27;[32m200&amp#27;[39m &amp#27;[90m42 ms - 139&amp#27;[39m
&amp#27;[35m[HTTP]&amp#27;[39m &amp#27;[90m&amp#27;[39m
&amp#27;[35m[HTTP]&amp#27;[39m &amp#27;[37m-->&amp#27;[39m &amp#27;[37mPOST&amp#27;[39m &amp#27;[37m/wd/hub/session/f30ef747-b006-4939-982c-ad4afd34905f/element/9eff23ba-ddb6-4875-8e0b-33ff72479f81/click&amp#27;[39m
&amp#27;[35m[HTTP]&amp#27;[39m &amp#27;[90m{"id":"9eff23ba-ddb6-4875-8e0b-33ff72479f81"}&amp#27;[39m
[debug] &amp#27;[35m[W3C (f30ef747)]&amp#27;[39m Calling AppiumDriver.click() with args: ["9eff23ba-ddb6-4875-8e0b-33ff72479f81","f30ef747-b006-4939-982c-ad4afd34905f"]
[debug] &amp#27;[35m[WD Proxy]&amp#27;[39m Matched '/element/9eff23ba-ddb6-4875-8e0b-33ff72479f81/click' to command name 'click'
[debug] &amp#27;[35m[WD Proxy]&amp#27;[39m Proxying [POST /element/9eff23ba-ddb6-4875-8e0b-33ff72479f81/click] to [POST http://127.0.0.1:8203/wd/hub/session/d2d79aab-e527-4690-97bd-c0b834a0d4b7/element/9eff23ba-ddb6-4875-8e0b-33ff72479f81/click] with body: {"element":"9eff23ba-ddb6-4875-8e0b-33ff72479f81"}
[debug] &amp#27;[35m[WD Proxy]&amp#27;[39m Got response with status 200: {"sessionId":"d2d79aab-e527-4690-97bd-c0b834a0d4b7","value":null}
[debug] &amp#27;[35m[W3C (f30ef747)]&amp#27;[39m Responding to client with driver.click() result: null
&amp#27;[35m[HTTP]&amp#27;[39m &amp#27;[37m<-- POST /wd/hub/session/f30ef747-b006-4939-982c-ad4afd34905f/element/9eff23ba-ddb6-4875-8e0b-33ff72479f81/click &amp#27;[39m&amp#27;[32m200&amp#27;[39m &amp#27;[90m49 ms - 14&amp#27;[39m
&amp#27;[35m[HTTP]&amp#27;[39m &amp#27;[90m&amp#27;[39m
&amp#27;[35m[HTTP]&amp#27;[39m &amp#27;[37m-->&amp#27;[39m &amp#27;[37mPOST&amp#27;[39m &amp#27;[37m/wd/hub/session/f30ef747-b006-4939-982c-ad4afd34905f/element&amp#27;[39m
&amp#27;[35m[HTTP]&amp#27;[39m &amp#27;[90m{"using":"id","value":"com.androidsample.generalstore:id/appbar_btn_cart"}&amp#27;[39m
[debug] &amp#27;[35m[W3C (f30ef747)]&amp#27;[39m Calling AppiumDriver.findElement() with args: ["id","com.androidsample.generalstore:id/appbar_btn_cart","f30ef747-b006-4939-982c-ad4afd34905f"]
[debug] &amp#27;[35m[BaseDriver]&amp#27;[39m Valid locator strategies for this request: xpath, id, class name, accessibility id, css selector, -android uiautomator
[debug] &amp#27;[35m[BaseDriver]&amp#27;[39m Waiting up to 10000 ms for condition
[debug] &amp#27;[35m[WD Proxy]&amp#27;[39m Matched '/element' to command name 'findElement'
[debug] &amp#27;[35m[WD Proxy]&amp#27;[39m Proxying [POST /element] to [POST http://127.0.0.1:8203/wd/hub/session/d2d79aab-e527-4690-97bd-c0b834a0d4b7/element] with body: {"strategy":"id","selector":"com.androidsample.generalstore:id/appbar_btn_cart","context":"","multiple":false}
[debug] &amp#27;[35m[WD Proxy]&amp#27;[39m Got response with status 200: {"sessionId":"d2d79aab-e527-4690-97bd-c0b834a0d4b7","value":{"ELEMENT":"79f4d038-e980-40ca-943b-3a487d183d9e","element-6066-11e4-a52e-4f735466cecf":"79f4d038-e980-40ca-943b-3a487d183d9e"}}
[debug] &amp#27;[35m[W3C (f30ef747)]&amp#27;[39m Responding to client with driver.findElement() result: {"element-6066-11e4-a52e-4f735466cecf":"79f4d038-e980-40ca-943b-3a487d183d9e","ELEMENT":"79f4d038-e980-40ca-943b-3a487d183d9e"}
&amp#27;[35m[HTTP]&amp#27;[39m &amp#27;[37m<-- POST /wd/hub/session/f30ef747-b006-4939-982c-ad4afd34905f/element &amp#27;[39m&amp#27;[32m200&amp#27;[39m &amp#27;[90m491 ms - 137&amp#27;[39m
&amp#27;[35m[HTTP]&amp#27;[39m &amp#27;[90m&amp#27;[39m
&amp#27;[35m[HTTP]&amp#27;[39m &amp#27;[37m-->&amp#27;[39m &amp#27;[37mPOST&amp#27;[39m &amp#27;[37m/wd/hub/session/f30ef747-b006-4939-982c-ad4afd34905f/element/79f4d038-e980-40ca-943b-3a487d183d9e/click&amp#27;[39m
&amp#27;[35m[HTTP]&amp#27;[39m &amp#27;[90m{"id":"79f4d038-e980-40ca-943b-3a487d183d9e"}&amp#27;[39m
[debug] &amp#27;[35m[W3C (f30ef747)]&amp#27;[39m Calling AppiumDriver.click() with args: ["79f4d038-e980-40ca-943b-3a487d183d9e","f30ef747-b006-4939-982c-ad4afd34905f"]
[debug] &amp#27;[35m[WD Proxy]&amp#27;[39m Matched '/element/79f4d038-e980-40ca-943b-3a487d183d9e/click' to command name 'click'
[debug] &amp#27;[35m[WD Proxy]&amp#27;[39m Proxying [POST /element/79f4d038-e980-40ca-943b-3a487d183d9e/click] to [POST http://127.0.0.1:8203/wd/hub/session/d2d79aab-e527-4690-97bd-c0b834a0d4b7/element/79f4d038-e980-40ca-943b-3a487d183d9e/click] with body: {"element":"79f4d038-e980-40ca-943b-3a487d183d9e"}
[debug] &amp#27;[35m[WD Proxy]&amp#27;[39m Got response with status 200: {"sessionId":"d2d79aab-e527-4690-97bd-c0b834a0d4b7","value":null}
[debug] &amp#27;[35m[W3C (f30ef747)]&amp#27;[39m Responding to client with driver.click() result: null
&amp#27;[35m[HTTP]&amp#27;[39m &amp#27;[37m<-- POST /wd/hub/session/f30ef747-b006-4939-982c-ad4afd34905f/element/79f4d038-e980-40ca-943b-3a487d183d9e/click &amp#27;[39m&amp#27;[32m200&amp#27;[39m &amp#27;[90m34 ms - 14&amp#27;[39m
&amp#27;[35m[HTTP]&amp#27;[39m &amp#27;[90m&amp#27;[39m
&amp#27;[35m[HTTP]&amp#27;[39m &amp#27;[37m-->&amp#27;[39m &amp#27;[37mPOST&amp#27;[39m &amp#27;[37m/wd/hub/session/f30ef747-b006-4939-982c-ad4afd34905f/elements&amp#27;[39m
&amp#27;[35m[HTTP]&amp#27;[39m &amp#27;[90m{"using":"id","value":"com.androidsample.generalstore:id/productPrice"}&amp#27;[39m
[debug] &amp#27;[35m[W3C (f30ef747)]&amp#27;[39m Calling AppiumDriver.findElements() with args: ["id","com.androidsample.generalstore:id/productPrice","f30ef747-b006-4939-982c-ad4afd34905f"]
[debug] &amp#27;[35m[BaseDriver]&amp#27;[39m Valid locator strategies for this request: xpath, id, class name, accessibility id, css selector, -android uiautomator
[debug] &amp#27;[35m[BaseDriver]&amp#27;[39m Waiting up to 10000 ms for condition
[debug] &amp#27;[35m[WD Proxy]&amp#27;[39m Matched '/elements' to command name 'findElements'
[debug] &amp#27;[35m[WD Proxy]&amp#27;[39m Proxying [POST /elements] to [POST http://127.0.0.1:8203/wd/hub/session/d2d79aab-e527-4690-97bd-c0b834a0d4b7/elements] with body: {"strategy":"id","selector":"com.androidsample.generalstore:id/productPrice","context":"","multiple":true}
[debug] &amp#27;[35m[WD Proxy]&amp#27;[39m Got response with status 200: {"sessionId":"d2d79aab-e527-4690-97bd-c0b834a0d4b7","value":[{"ELEMENT":"0d431333-8868-45e7-9b11-99bf2e3a73f6","element-6066-11e4-a52e-4f735466cecf":"0d431333-8868-45e7-9b11-99bf2e3a73f6"},{"ELEMENT":"0abf40eb-8316-4f0f-929c-2de190eb2215","element-6066-11e4-a52e-4f735466cecf":"0abf40eb-8316-4f0f-929c-2de190eb2215"}]}
[debug] &amp#27;[35m[W3C (f30ef747)]&amp#27;[39m Responding to client with driver.findElements() result: [{"element-6066-11e4-a52e-4f735466cecf":"0d431333-8868-45e7-9b11-99bf2e3a73f6","ELEMENT":"0d431333-8868-45e7-9b11-99bf2e3a73f6"},{"element-6066-11e4-a52e-4f735466cecf":"0abf40eb-8316-4f0f-929c-2de190eb2215","ELEMENT":"0abf40eb-8316-4f0f-929c-2de190eb2215"}]
&amp#27;[35m[HTTP]&amp#27;[39m &amp#27;[37m<-- POST /wd/hub/session/f30ef747-b006-4939-982c-ad4afd34905f/elements &amp#27;[39m&amp#27;[32m200&amp#27;[39m &amp#27;[90m21 ms - 267&amp#27;[39m
&amp#27;[35m[HTTP]&amp#27;[39m &amp#27;[90m&amp#27;[39m
&amp#27;[35m[HTTP]&amp#27;[39m &amp#27;[37m-->&amp#27;[39m &amp#27;[37mGET&amp#27;[39m &amp#27;[37m/wd/hub/session/f30ef747-b006-4939-982c-ad4afd34905f/context&amp#27;[39m
&amp#27;[35m[HTTP]&amp#27;[39m &amp#27;[90m{}&amp#27;[39m
[debug] &amp#27;[35m[W3C (f30ef747)]&amp#27;[39m Calling AppiumDriver.getCurrentContext() with args: ["f30ef747-b006-4939-982c-ad4afd34905f"]
[debug] &amp#27;[35m[W3C (f30ef747)]&amp#27;[39m Responding to client with driver.getCurrentContext() result: "NATIVE_APP"
&amp#27;[35m[HTTP]&amp#27;[39m &amp#27;[37m<-- GET /wd/hub/session/f30ef747-b006-4939-982c-ad4afd34905f/context &amp#27;[39m&amp#27;[32m200&amp#27;[39m &amp#27;[90m1 ms - 22&amp#27;[39m
&amp#27;[35m[HTTP]&amp#27;[39m &amp#27;[90m&amp#27;[39m
&amp#27;[35m[HTTP]&amp#27;[39m &amp#27;[37m-->&amp#27;[39m &amp#27;[37mPOST&amp#27;[39m &amp#27;[37m/wd/hub/session/f30ef747-b006-4939-982c-ad4afd34905f/elements&amp#27;[39m
&amp#27;[35m[HTTP]&amp#27;[39m &amp#27;[90m{"using":"id","value":"com.androidsample.generalstore:id/productPrice"}&amp#27;[39m
[debug] &amp#27;[35m[W3C (f30ef747)]&amp#27;[39m Calling AppiumDriver.findElements() with args: ["id","com.androidsample.generalstore:id/productPrice","f30ef747-b006-4939-982c-ad4afd34905f"]
[debug] &amp#27;[35m[BaseDriver]&amp#27;[39m Valid locator strategies for this request: xpath, id, class name, accessibility id, css selector, -android uiautomator
[debug] &amp#27;[35m[BaseDriver]&amp#27;[39m Waiting up to 10000 ms for condition
[debug] &amp#27;[35m[WD Proxy]&amp#27;[39m Matched '/elements' to command name 'findElements'
[debug] &amp#27;[35m[WD Proxy]&amp#27;[39m Proxying [POST /elements] to [POST http://127.0.0.1:8203/wd/hub/session/d2d79aab-e527-4690-97bd-c0b834a0d4b7/elements] with body: {"strategy":"id","selector":"com.androidsample.generalstore:id/productPrice","context":"","multiple":true}
[debug] &amp#27;[35m[WD Proxy]&amp#27;[39m Got response with status 200: {"sessionId":"d2d79aab-e527-4690-97bd-c0b834a0d4b7","value":[{"ELEMENT":"234d9531-fb2e-4be8-935d-1d67d05f0c4d","element-6066-11e4-a52e-4f735466cecf":"234d9531-fb2e-4be8-935d-1d67d05f0c4d"},{"ELEMENT":"cc34ea07-6e0a-418c-b1d6-8ce35c3000b0","element-6066-11e4-a52e-4f735466cecf":"cc34ea07-6e0a-418c-b1d6-8ce35c3000b0"}]}
[debug] &amp#27;[35m[W3C (f30ef747)]&amp#27;[39m Responding to client with driver.findElements() result: [{"element-6066-11e4-a52e-4f735466cecf":"234d9531-fb2e-4be8-935d-1d67d05f0c4d","ELEMENT":"234d9531-fb2e-4be8-935d-1d67d05f0c4d"},{"element-6066-11e4-a52e-4f735466cecf":"cc34ea07-6e0a-418c-b1d6-8ce35c3000b0","ELEMENT":"cc34ea07-6e0a-418c-b1d6-8ce35c3000b0"}]
&amp#27;[35m[HTTP]&amp#27;[39m &amp#27;[37m<-- POST /wd/hub/session/f30ef747-b006-4939-982c-ad4afd34905f/elements &amp#27;[39m&amp#27;[32m200&amp#27;[39m &amp#27;[90m23 ms - 267&amp#27;[39m
&amp#27;[35m[HTTP]&amp#27;[39m &amp#27;[90m&amp#27;[39m
&amp#27;[35m[HTTP]&amp#27;[39m &amp#27;[37m-->&amp#27;[39m &amp#27;[37mGET&amp#27;[39m &amp#27;[37m/wd/hub/session/f30ef747-b006-4939-982c-ad4afd34905f/element/234d9531-fb2e-4be8-935d-1d67d05f0c4d/text&amp#27;[39m
&amp#27;[35m[HTTP]&amp#27;[39m &amp#27;[90m{}&amp#27;[39m
&amp#27;[35m[W3C (f30ef747)]&amp#27;[39m Driver proxy active, passing request on via HTTP proxy
[debug] &amp#27;[35m[WD Proxy]&amp#27;[39m Matched '/wd/hub/session/f30ef747-b006-4939-982c-ad4afd34905f/element/234d9531-fb2e-4be8-935d-1d67d05f0c4d/text' to command name 'getText'
[debug] &amp#27;[35m[WD Proxy]&amp#27;[39m Proxying [GET /wd/hub/session/f30ef747-b006-4939-982c-ad4afd34905f/element/234d9531-fb2e-4be8-935d-1d67d05f0c4d/text] to [GET http://127.0.0.1:8203/wd/hub/session/d2d79aab-e527-4690-97bd-c0b834a0d4b7/element/234d9531-fb2e-4be8-935d-1d67d05f0c4d/text] with no body
[debug] &amp#27;[35m[WD Proxy]&amp#27;[39m Got response with status 200: {"sessionId":"d2d79aab-e527-4690-97bd-c0b834a0d4b7","value":"$160.97"}
&amp#27;[35m[WD Proxy]&amp#27;[39m Replacing sessionId d2d79aab-e527-4690-97bd-c0b834a0d4b7 with f30ef747-b006-4939-982c-ad4afd34905f
&amp#27;[35m[HTTP]&amp#27;[39m &amp#27;[37m<-- GET /wd/hub/session/f30ef747-b006-4939-982c-ad4afd34905f/element/234d9531-fb2e-4be8-935d-1d67d05f0c4d/text &amp#27;[39m&amp#27;[32m200&amp#27;[39m &amp#27;[90m12 ms - 70&amp#27;[39m
&amp#27;[35m[HTTP]&amp#27;[39m &amp#27;[90m&amp#27;[39m
&amp#27;[35m[HTTP]&amp#27;[39m &amp#27;[37m-->&amp#27;[39m &amp#27;[37mGET&amp#27;[39m &amp#27;[37m/wd/hub/session/f30ef747-b006-4939-982c-ad4afd34905f/context&amp#27;[39m
&amp#27;[35m[HTTP]&amp#27;[39m &amp#27;[90m{}&amp#27;[39m
[debug] &amp#27;[35m[W3C (f30ef747)]&amp#27;[39m Calling AppiumDriver.getCurrentContext() with args: ["f30ef747-b006-4939-982c-ad4afd34905f"]
[debug] &amp#27;[35m[W3C (f30ef747)]&amp#27;[39m Responding to client with driver.getCurrentContext() result: "NATIVE_APP"
&amp#27;[35m[HTTP]&amp#27;[39m &amp#27;[37m<-- GET /wd/hub/session/f30ef747-b006-4939-982c-ad4afd34905f/context &amp#27;[39m&amp#27;[32m200&amp#27;[39m &amp#27;[90m1 ms - 22&amp#27;[39m
&amp#27;[35m[HTTP]&amp#27;[39m &amp#27;[90m&amp#27;[39m
[...]
&amp#27;[35m[HTTP]&amp#27;[39m &amp#27;[90m{"id":"7d33538b-62c4-464b-8d99-ea936fb29670"}&amp#27;[39m
[debug] &amp#27;[35m[W3C (676b19cd)]&amp#27;[39m Calling AppiumDriver.click() with args: ["7d33538b-62c4-464b-8d99-ea936fb29670","676b19cd-164e-4d05-b6cd-2b53e0406bb4"]
[debug] &amp#27;[35m[WD Proxy]&amp#27;[39m Matched '/element/7d33538b-62c4-464b-8d99-ea936fb29670/click' to command name 'click'
[debug] &amp#27;[35m[WD Proxy]&amp#27;[39m Proxying [POST /element/7d33538b-62c4-464b-8d99-ea936fb29670/click] to [POST http://127.0.0.1:8205/wd/hub/session/fe9d5690-d8fd-4b8b-8f08-e19d6c791633/element/7d33538b-62c4-464b-8d99-ea936fb29670/click] with body: {"element":"7d33538b-62c4-464b-8d99-ea936fb29670"}
[debug] &amp#27;[35m[WD Proxy]&amp#27;[39m Got response with status 200: {"sessionId":"fe9d5690-d8fd-4b8b-8f08-e19d6c791633","value":null}
[debug] &amp#27;[35m[W3C (676b19cd)]&amp#27;[39m Responding to client with driver.click() result: null
&amp#27;[35m[HTTP]&amp#27;[39m &amp#27;[37m<-- POST /wd/hub/session/676b19cd-164e-4d05-b6cd-2b53e0406bb4/element/7d33538b-62c4-464b-8d99-ea936fb29670/click &amp#27;[39m&amp#27;[32m200&amp#27;[39m &amp#27;[90m1013 ms - 14&amp#27;[39m
&amp#27;[35m[HTTP]&amp#27;[39m &amp#27;[90m&amp#27;[39m
&amp#27;[35m[HTTP]&amp#27;[39m &amp#27;[37m-->&amp#27;[39m &amp#27;[37mGET&amp#27;[39m &amp#27;[37m/wd/hub/session/676b19cd-164e-4d05-b6cd-2b53e0406bb4/context&amp#27;[39m
&amp#27;[35m[HTTP]&amp#27;[39m &amp#27;[90m{}&amp#27;[39m
[debug] &amp#27;[35m[W3C (676b19cd)]&amp#27;[39m Calling AppiumDriver.getCurrentContext() with args: ["676b19cd-164e-4d05-b6cd-2b53e0406bb4"]
[debug] &amp#27;[35m[W3C (676b19cd)]&amp#27;[39m Responding to client with driver.getCurrentContext() result: "NATIVE_APP"
&amp#27;[35m[HTTP]&amp#27;[39m &amp#27;[37m<-- GET /wd/hub/session/676b19cd-164e-4d05-b6cd-2b53e0406bb4/context &amp#27;[39m&amp#27;[32m200&amp#27;[39m &amp#27;[90m5 ms - 22&amp#27;[39m
&amp#27;[35m[HTTP]&amp#27;[39m &amp#27;[90m&amp#27;[39m
&amp#27;[35m[HTTP]&amp#27;[39m &amp#27;[37m-->&amp#27;[39m &amp#27;[37mPOST&amp#27;[39m &amp#27;[37m/wd/hub/session/676b19cd-164e-4d05-b6cd-2b53e0406bb4/element&amp#27;[39m
&amp#27;[35m[HTTP]&amp#27;[39m &amp#27;[90m{"using":"xpath","value":"//android.widget.TextView[@text='3. Preference dependencies']"}&amp#27;[39m
[debug] &amp#27;[35m[W3C (676b19cd)]&amp#27;[39m Calling AppiumDriver.findElement() with args: ["xpath","//android.widget.TextView[@text='3. Preference dependencies']","676b19cd-164e-4d05-b6cd-2b53e0406bb4"]
[debug] &amp#27;[35m[BaseDriver]&amp#27;[39m Valid locator strategies for this request: xpath, id, class name, accessibility id, css selector, -android uiautomator
[debug] &amp#27;[35m[BaseDriver]&amp#27;[39m Waiting up to 20000 ms for condition
[debug] &amp#27;[35m[WD Proxy]&amp#27;[39m Matched '/element' to command name 'findElement'
[debug] &amp#27;[35m[WD Proxy]&amp#27;[39m Proxying [POST /element] to [POST http://127.0.0.1:8205/wd/hub/session/fe9d5690-d8fd-4b8b-8f08-e19d6c791633/element] with body: {"strategy":"xpath","selector":"//android.widget.TextView[@text='3. Preference dependencies']","context":"","multiple":false}
[debug] &amp#27;[35m[WD Proxy]&amp#27;[39m Got response with status 200: {"sessionId":"fe9d5690-d8fd-4b8b-8f08-e19d6c791633","value":{"ELEMENT":"27a436c7-6d3f-4333-af8d-2de894f3e663","element-6066-11e4-a52e-4f735466cecf":"27a436c7-6d3f-4333-af8d-2de894f3e663"}}
[debug] &amp#27;[35m[W3C (676b19cd)]&amp#27;[39m Responding to client with driver.findElement() result: {"element-6066-11e4-a52e-4f735466cecf":"27a436c7-6d3f-4333-af8d-2de894f3e663","ELEMENT":"27a436c7-6d3f-4333-af8d-2de894f3e663"}
&amp#27;[35m[HTTP]&amp#27;[39m &amp#27;[37m<-- POST /wd/hub/session/676b19cd-164e-4d05-b6cd-2b53e0406bb4/element &amp#27;[39m&amp#27;[32m200&amp#27;[39m &amp#27;[90m65 ms - 137&amp#27;[39m
&amp#27;[35m[HTTP]&amp#27;[39m &amp#27;[90m&amp#27;[39m
&amp#27;[35m[HTTP]&amp#27;[39m &amp#27;[37m-->&amp#27;[39m &amp#27;[37mPOST&amp#27;[39m &amp#27;[37m/wd/hub/session/676b19cd-164e-4d05-b6cd-2b53e0406bb4/element/27a436c7-6d3f-4333-af8d-2de894f3e663/click&amp#27;[39m
&amp#27;[35m[HTTP]&amp#27;[39m &amp#27;[90m{"id":"27a436c7-6d3f-4333-af8d-2de894f3e663"}&amp#27;[39m
[debug] &amp#27;[35m[W3C (676b19cd)]&amp#27;[39m Calling AppiumDriver.click() with args: ["27a436c7-6d3f-4333-af8d-2de894f3e663","676b19cd-164e-4d05-b6cd-2b53e0406bb4"]
[debug] &amp#27;[35m[WD Proxy]&amp#27;[39m Matched '/element/27a436c7-6d3f-4333-af8d-2de894f3e663/click' to command name 'click'
[debug] &amp#27;[35m[WD Proxy]&amp#27;[39m Proxying [POST /element/27a436c7-6d3f-4333-af8d-2de894f3e663/click] to [POST http://127.0.0.1:8205/wd/hub/session/fe9d5690-d8fd-4b8b-8f08-e19d6c791633/element/27a436c7-6d3f-4333-af8d-2de894f3e663/click] with body: {"element":"27a436c7-6d3f-4333-af8d-2de894f3e663"}
[debug] &amp#27;[35m[WD Proxy]&amp#27;[39m Got response with status 200: {"sessionId":"fe9d5690-d8fd-4b8b-8f08-e19d6c791633","value":null}
[debug] &amp#27;[35m[W3C (676b19cd)]&amp#27;[39m Responding to client with driver.click() result: null
&amp#27;[35m[HTTP]&amp#27;[39m &amp#27;[37m<-- POST /wd/hub/session/676b19cd-164e-4d05-b6cd-2b53e0406bb4/element/27a436c7-6d3f-4333-af8d-2de894f3e663/click &amp#27;[39m&amp#27;[32m200&amp#27;[39m &amp#27;[90m1193 ms - 14&amp#27;[39m
&amp#27;[35m[HTTP]&amp#27;[39m &amp#27;[90m&amp#27;[39m
&amp#27;[35m[HTTP]&amp#27;[39m &amp#27;[37m-->&amp#27;[39m &amp#27;[37mPOST&amp#27;[39m &amp#27;[37m/wd/hub/session/676b19cd-164e-4d05-b6cd-2b53e0406bb4/element&amp#27;[39m
&amp#27;[35m[HTTP]&amp#27;[39m &amp#27;[90m{"using":"id","value":"android:id/checkbox"}&amp#27;[39m
[debug] &amp#27;[35m[W3C (676b19cd)]&amp#27;[39m Calling AppiumDriver.findElement() with args: ["id","android:id/checkbox","676b19cd-164e-4d05-b6cd-2b53e0406bb4"]
[debug] &amp#27;[35m[BaseDriver]&amp#27;[39m Valid locator strategies for this request: xpath, id, class name, accessibility id, css selector, -android uiautomator
[debug] &amp#27;[35m[BaseDriver]&amp#27;[39m Waiting up to 20000 ms for condition
[debug] &amp#27;[35m[WD Proxy]&amp#27;[39m Matched '/element' to command name 'findElement'
[debug] &amp#27;[35m[WD Proxy]&amp#27;[39m Proxying [POST /element] to [POST http://127.0.0.1:8205/wd/hub/session/fe9d5690-d8fd-4b8b-8f08-e19d6c791633/element] with body: {"strategy":"id","selector":"android:id/checkbox","context":"","multiple":false}
[debug] &amp#27;[35m[WD Proxy]&amp#27;[39m Got response with status 200: {"sessionId":"fe9d5690-d8fd-4b8b-8f08-e19d6c791633","value":{"ELEMENT":"f8a94408-d6aa-49f5-b3c0-5a6dfcaa4748","element-6066-11e4-a52e-4f735466cecf":"f8a94408-d6aa-49f5-b3c0-5a6dfcaa4748"}}
[debug] &amp#27;[35m[W3C (676b19cd)]&amp#27;[39m Responding to client with driver.findElement() result: {"element-6066-11e4-a52e-4f735466cecf":"f8a94408-d6aa-49f5-b3c0-5a6dfcaa4748","ELEMENT":"f8a94408-d6aa-49f5-b3c0-5a6dfcaa4748"}
&amp#27;[35m[HTTP]&amp#27;[39m &amp#27;[37m<-- POST /wd/hub/session/676b19cd-164e-4d05-b6cd-2b53e0406bb4/element &amp#27;[39m&amp#27;[32m200&amp#27;[39m &amp#27;[90m37 ms - 137&amp#27;[39m
&amp#27;[35m[HTTP]&amp#27;[39m &amp#27;[90m&amp#27;[39m
&amp#27;[35m[HTTP]&amp#27;[39m &amp#27;[37m-->&amp#27;[39m &amp#27;[37mPOST&amp#27;[39m &amp#27;[37m/wd/hub/session/676b19cd-164e-4d05-b6cd-2b53e0406bb4/element/f8a94408-d6aa-49f5-b3c0-5a6dfcaa4748/click&amp#27;[39m
&amp#27;[35m[HTTP]&amp#27;[39m &amp#27;[90m{"id":"f8a94408-d6aa-49f5-b3c0-5a6dfcaa4748"}&amp#27;[39m
[debug] &amp#27;[35m[W3C (676b19cd)]&amp#27;[39m Calling AppiumDriver.click() with args: ["f8a94408-d6aa-49f5-b3c0-5a6dfcaa4748","676b19cd-164e-4d05-b6cd-2b53e0406bb4"]
[debug] &amp#27;[35m[WD Proxy]&amp#27;[39m Matched '/element/f8a94408-d6aa-49f5-b3c0-5a6dfcaa4748/click' to command name 'click'
[debug] &amp#27;[35m[WD Proxy]&amp#27;[39m Proxying [POST /element/f8a94408-d6aa-49f5-b3c0-5a6dfcaa4748/click] to [POST http://127.0.0.1:8205/wd/hub/session/fe9d5690-d8fd-4b8b-8f08-e19d6c791633/element/f8a94408-d6aa-49f5-b3c0-5a6dfcaa4748/click] with body: {"element":"f8a94408-d6aa-49f5-b3c0-5a6dfcaa4748"}
[debug] &amp#27;[35m[WD Proxy]&amp#27;[39m Got response with status 200: {"sessionId":"fe9d5690-d8fd-4b8b-8f08-e19d6c791633","value":null}
[debug] &amp#27;[35m[W3C (676b19cd)]&amp#27;[39m Responding to client with driver.click() result: null
&amp#27;[35m[HTTP]&amp#27;[39m &amp#27;[37m<-- POST /wd/hub/session/676b19cd-164e-4d05-b6cd-2b53e0406bb4/element/f8a94408-d6aa-49f5-b3c0-5a6dfcaa4748/click &amp#27;[39m&amp#27;[32m200&amp#27;[39m &amp#27;[90m689 ms - 14&amp#27;[39m
&amp#27;[35m[HTTP]&amp#27;[39m &amp#27;[90m&amp#27;[39m
&amp#27;[35m[HTTP]&amp#27;[39m &amp#27;[37m-->&amp#27;[39m &amp#27;[37mPOST&amp#27;[39m &amp#27;[37m/wd/hub/session/676b19cd-164e-4d05-b6cd-2b53e0406bb4/element&amp#27;[39m
&amp#27;[35m[HTTP]&amp#27;[39m &amp#27;[90m{"using":"xpath","value":"(//android.widget.RelativeLayout)[2]"}&amp#27;[39m
[debug] &amp#27;[35m[W3C (676b19cd)]&amp#27;[39m Calling AppiumDriver.findElement() with args: ["xpath","(//android.widget.RelativeLayout)[2]","676b19cd-164e-4d05-b6cd-2b53e0406bb4"]
[debug] &amp#27;[35m[BaseDriver]&amp#27;[39m Valid locator strategies for this request: xpath, id, class name, accessibility id, css selector, -android uiautomator
[debug] &amp#27;[35m[BaseDriver]&amp#27;[39m Waiting up to 20000 ms for condition
[debug] &amp#27;[35m[WD Proxy]&amp#27;[39m Matched '/element' to command name 'findElement'
[debug] &amp#27;[35m[WD Proxy]&amp#27;[39m Proxying [POST /element] to [POST http://127.0.0.1:8205/wd/hub/session/fe9d5690-d8fd-4b8b-8f08-e19d6c791633/element] with body: {"strategy":"xpath","selector":"(//android.widget.RelativeLayout)[2]","context":"","multiple":false}
[debug] &amp#27;[35m[WD Proxy]&amp#27;[39m Got response with status 200: {"sessionId":"fe9d5690-d8fd-4b8b-8f08-e19d6c791633","value":{"ELEMENT":"f8240d95-f746-4d70-9e8c-9d80292e00c8","element-6066-11e4-a52e-4f735466cecf":"f8240d95-f746-4d70-9e8c-9d80292e00c8"}}
[debug] &amp#27;[35m[W3C (676b19cd)]&amp#27;[39m Responding to client with driver.findElement() result: {"element-6066-11e4-a52e-4f735466cecf":"f8240d95-f746-4d70-9e8c-9d80292e00c8","ELEMENT":"f8240d95-f746-4d70-9e8c-9d80292e00c8"}
&amp#27;[35m[HTTP]&amp#27;[39m &amp#27;[37m<-- POST /wd/hub/session/676b19cd-164e-4d05-b6cd-2b53e0406bb4/element &amp#27;[39m&amp#27;[32m200&amp#27;[39m &amp#27;[90m60 ms - 137&amp#27;[39m
&amp#27;[35m[HTTP]&amp#27;[39m &amp#27;[90m&amp#27;[39m
&amp#27;[35m[HTTP]&amp#27;[39m &amp#27;[37m-->&amp#27;[39m &amp#27;[37mPOST&amp#27;[39m &amp#27;[37m/wd/hub/session/676b19cd-164e-4d05-b6cd-2b53e0406bb4/element/f8240d95-f746-4d70-9e8c-9d80292e00c8/click&amp#27;[39m
&amp#27;[35m[HTTP]&amp#27;[39m &amp#27;[90m{"id":"f8240d95-f746-4d70-9e8c-9d80292e00c8"}&amp#27;[39m
[debug] &amp#27;[35m[W3C (676b19cd)]&amp#27;[39m Calling AppiumDriver.click() with args: ["f8240d95-f746-4d70-9e8c-9d80292e00c8","676b19cd-164e-4d05-b6cd-2b53e0406bb4"]
[debug] &amp#27;[35m[WD Proxy]&amp#27;[39m Matched '/element/f8240d95-f746-4d70-9e8c-9d80292e00c8/click' to command name 'click'
[debug] &amp#27;[35m[WD Proxy]&amp#27;[39m Proxying [POST /element/f8240d95-f746-4d70-9e8c-9d80292e00c8/click] to [POST http://127.0.0.1:8205/wd/hub/session/fe9d5690-d8fd-4b8b-8f08-e19d6c791633/element/f8240d95-f746-4d70-9e8c-9d80292e00c8/click] with body: {"element":"f8240d95-f746-4d70-9e8c-9d80292e00c8"}
[debug] &amp#27;[35m[WD Proxy]&amp#27;[39m Got response with status 200: {"sessionId":"fe9d5690-d8fd-4b8b-8f08-e19d6c791633","value":null}
[debug] &amp#27;[35m[W3C (676b19cd)]&amp#27;[39m Responding to client with driver.click() result: null
&amp#27;[35m[HTTP]&amp#27;[39m &amp#27;[37m<-- POST /wd/hub/session/676b19cd-164e-4d05-b6cd-2b53e0406bb4/element/f8240d95-f746-4d70-9e8c-9d80292e00c8/click &amp#27;[39m&amp#27;[32m200&amp#27;[39m &amp#27;[90m725 ms - 14&amp#27;[39m
&amp#27;[35m[HTTP]&amp#27;[39m &amp#27;[90m&amp#27;[39m
&amp#27;[35m[HTTP]&amp#27;[39m &amp#27;[37m-->&amp#27;[39m &amp#27;[37mPOST&amp#27;[39m &amp#27;[37m/wd/hub/session/676b19cd-164e-4d05-b6cd-2b53e0406bb4/element&amp#27;[39m
&amp#27;[35m[HTTP]&amp#27;[39m &amp#27;[90m{"using":"class name","value":"android.widget.EditText"}&amp#27;[39m
[debug] &amp#27;[35m[W3C (676b19cd)]&amp#27;[39m Calling AppiumDriver.findElement() with args: ["class name","android.widget.EditText","676b19cd-164e-4d05-b6cd-2b53e0406bb4"]
[debug] &amp#27;[35m[BaseDriver]&amp#27;[39m Valid locator strategies for this request: xpath, id, class name, accessibility id, css selector, -android uiautomator
[debug] &amp#27;[35m[BaseDriver]&amp#27;[39m Waiting up to 20000 ms for condition
[debug] &amp#27;[35m[WD Proxy]&amp#27;[39m Matched '/element' to command name 'findElement'
[debug] &amp#27;[35m[WD Proxy]&amp#27;[39m Proxying [POST /element] to [POST http://127.0.0.1:8205/wd/hub/session/fe9d5690-d8fd-4b8b-8f08-e19d6c791633/element] with body: {"strategy":"class name","selector":"android.widget.EditText","context":"","multiple":false}
[debug] &amp#27;[35m[WD Proxy]&amp#27;[39m Got response with status 200: {"sessionId":"fe9d5690-d8fd-4b8b-8f08-e19d6c791633","value":{"ELEMENT":"c5c10d74-3da7-4809-a17e-d8ff077499cb","element-6066-11e4-a52e-4f735466cecf":"c5c10d74-3da7-4809-a17e-d8ff077499cb"}}
[debug] &amp#27;[35m[W3C (676b19cd)]&amp#27;[39m Responding to client with driver.findElement() result: {"element-6066-11e4-a52e-4f735466cecf":"c5c10d74-3da7-4809-a17e-d8ff077499cb","ELEMENT":"c5c10d74-3da7-4809-a17e-d8ff077499cb"}
&amp#27;[35m[HTTP]&amp#27;[39m &amp#27;[37m<-- POST /wd/hub/session/676b19cd-164e-4d05-b6cd-2b53e0406bb4/element &amp#27;[39m&amp#27;[32m200&amp#27;[39m &amp#27;[90m46 ms - 137&amp#27;[39m
&amp#27;[35m[HTTP]&amp#27;[39m &amp#27;[90m&amp#27;[39m
&amp#27;[35m[HTTP]&amp#27;[39m &amp#27;[37m-->&amp#27;[39m &amp#27;[37mPOST&amp#27;[39m &amp#27;[37m/wd/hub/session/676b19cd-164e-4d05-b6cd-2b53e0406bb4/element/c5c10d74-3da7-4809-a17e-d8ff077499cb/value&amp#27;[39m
&amp#27;[35m[HTTP]&amp#27;[39m &amp#27;[90m{"id":"c5c10d74-3da7-4809-a17e-d8ff077499cb","text":"@#$%","value":["@","#","$","%"]}&amp#27;[39m
[debug] &amp#27;[35m[W3C (676b19cd)]&amp#27;[39m Calling AppiumDriver.setValue() with args: [["@","#","$","%"],"c5c10d74-3da7-4809-a17e-d8ff077499cb","676b19cd-164e-4d05-b6cd-2b53e0406bb4"]
[debug] &amp#27;[35m[WD Proxy]&amp#27;[39m Matched '/element/c5c10d74-3da7-4809-a17e-d8ff077499cb/value' to command name 'setValue'
[debug] &amp#27;[35m[Protocol Converter]&amp#27;[39m Added 'value' property ["@","#","$","%"] to 'setValue' request body
[debug] &amp#27;[35m[WD Proxy]&amp#27;[39m Proxying [POST /element/c5c10d74-3da7-4809-a17e-d8ff077499cb/value] to [POST http://127.0.0.1:8205/wd/hub/session/fe9d5690-d8fd-4b8b-8f08-e19d6c791633/element/c5c10d74-3da7-4809-a17e-d8ff077499cb/value] with body: {"elementId":"c5c10d74-3da7-4809-a17e-d8ff077499cb","text":"@#$%","replace":false,"value":["@","#","$","%"]}
[debug] &amp#27;[35m[WD Proxy]&amp#27;[39m Got response with status 200: {"sessionId":"fe9d5690-d8fd-4b8b-8f08-e19d6c791633","value":null}
[debug] &amp#27;[35m[W3C (676b19cd)]&amp#27;[39m Responding to client with driver.setValue() result: null
&amp#27;[35m[HTTP]&amp#27;[39m &amp#27;[37m<-- POST /wd/hub/session/676b19cd-164e-4d05-b6cd-2b53e0406bb4/element/c5c10d74-3da7-4809-a17e-d8ff077499cb/value &amp#27;[39m&amp#27;[32m200&amp#27;[39m &amp#27;[90m42 ms - 14&amp#27;[39m
&amp#27;[35m[HTTP]&amp#27;[39m &amp#27;[90m&amp#27;[39m
&amp#27;[35m[HTTP]&amp#27;[39m &amp#27;[37m-->&amp#27;[39m &amp#27;[37mGET&amp#27;[39m &amp#27;[37m/wd/hub/session/676b19cd-164e-4d05-b6cd-2b53e0406bb4/context&amp#27;[39m
&amp#27;[35m[HTTP]&amp#27;[39m &amp#27;[90m{}&amp#27;[39m
[debug] &amp#27;[35m[W3C (676b19cd)]&amp#27;[39m Calling AppiumDriver.getCurrentContext() with args: ["676b19cd-164e-4d05-b6cd-2b53e0406bb4"]
[debug] &amp#27;[35m[W3C (676b19cd)]&amp#27;[39m Responding to client with driver.getCurrentContext() result: "NATIVE_APP"
&amp#27;[35m[HTTP]&amp#27;[39m &amp#27;[37m<-- GET /wd/hub/session/676b19cd-164e-4d05-b6cd-2b53e0406bb4/context &amp#27;[39m&amp#27;[32m200&amp#27;[39m &amp#27;[90m2 ms - 22&amp#27;[39m
&amp#27;[35m[HTTP]&amp#27;[39m &amp#27;[90m&amp#27;[39m
&amp#27;[35m[HTTP]&amp#27;[39m &amp#27;[37m-->&amp#27;[39m &amp#27;[37mPOST&amp#27;[39m &amp#27;[37m/wd/hub/session/676b19cd-164e-4d05-b6cd-2b53e0406bb4/elements&amp#27;[39m
&amp#27;[35m[HTTP]&amp#27;[39m &amp#27;[90m{"using":"class name","value":"android.widget.Button"}&amp#27;[39m
[debug] &amp#27;[35m[W3C (676b19cd)]&amp#27;[39m Calling AppiumDriver.findElements() with args: ["class name","android.widget.Button","676b19cd-164e-4d05-b6cd-2b53e0406bb4"]
[debug] &amp#27;[35m[BaseDriver]&amp#27;[39m Valid locator strategies for this request: xpath, id, class name, accessibility id, css selector, -android uiautomator
[debug] &amp#27;[35m[BaseDriver]&amp#27;[39m Waiting up to 20000 ms for condition
[debug] &amp#27;[35m[WD Proxy]&amp#27;[39m Matched '/elements' to command name 'findElements'
[debug] &amp#27;[35m[WD Proxy]&amp#27;[39m Proxying [POST /elements] to [POST http://127.0.0.1:8205/wd/hub/session/fe9d5690-d8fd-4b8b-8f08-e19d6c791633/elements] with body: {"strategy":"class name","selector":"android.widget.Button","context":"","multiple":true}
[debug] &amp#27;[35m[WD Proxy]&amp#27;[39m Got response with status 200: {"sessionId":"fe9d5690-d8fd-4b8b-8f08-e19d6c791633","value":[{"ELEMENT":"da153053-ff06-48f2-b0a5-48d114e09161","element-6066-11e4-a52e-4f735466cecf":"da153053-ff06-48f2-b0a5-48d114e09161"},{"ELEMENT":"a5716a61-deb7-4775-8ab3-4b46605459c3","element-6066-11e4-a52e-4f735466cecf":"a5716a61-deb7-4775-8ab3-4b46605459c3"}]}
[debug] &amp#27;[35m[W3C (676b19cd)]&amp#27;[39m Responding to client with driver.findElements() result: [{"element-6066-11e4-a52e-4f735466cecf":"da153053-ff06-48f2-b0a5-48d114e09161","ELEMENT":"da153053-ff06-48f2-b0a5-48d114e09161"},{"element-6066-11e4-a52e-4f735466cecf":"a5716a61-deb7-4775-8ab3-4b46605459c3","ELEMENT":"a5716a61-deb7-4775-8ab3-4b46605459c3"}]
&amp#27;[35m[HTTP]&amp#27;[39m &amp#27;[37m<-- POST /wd/hub/session/676b19cd-164e-4d05-b6cd-2b53e0406bb4/elements &amp#27;[39m&amp#27;[32m200&amp#27;[39m &amp#27;[90m489 ms - 267&amp#27;[39m
&amp#27;[35m[HTTP]&amp#27;[39m &amp#27;[90m&amp#27;[39m
&amp#27;[35m[HTTP]&amp#27;[39m &amp#27;[37m-->&amp#27;[39m &amp#27;[37mPOST&amp#27;[39m &amp#27;[37m/wd/hub/session/676b19cd-164e-4d05-b6cd-2b53e0406bb4/element/a5716a61-deb7-4775-8ab3-4b46605459c3/click&amp#27;[39m
&amp#27;[35m[HTTP]&amp#27;[39m &amp#27;[90m{"id":"a5716a61-deb7-4775-8ab3-4b46605459c3"}&amp#27;[39m
[debug] &amp#27;[35m[W3C (676b19cd)]&amp#27;[39m Calling AppiumDriver.click() with args: ["a5716a61-deb7-4775-8ab3-4b46605459c3","676b19cd-164e-4d05-b6cd-2b53e0406bb4"]
[debug] &amp#27;[35m[WD Proxy]&amp#27;[39m Matched '/element/a5716a61-deb7-4775-8ab3-4b46605459c3/click' to command name 'click'
[debug] &amp#27;[35m[WD Proxy]&amp#27;[39m Proxying [POST /element/a5716a61-deb7-4775-8ab3-4b46605459c3/click] to [POST http://127.0.0.1:8205/wd/hub/session/fe9d5690-d8fd-4b8b-8f08-e19d6c791633/element/a5716a61-deb7-4775-8ab3-4b46605459c3/click] with body: {"element":"a5716a61-deb7-4775-8ab3-4b46605459c3"}
[debug] &amp#27;[35m[WD Proxy]&amp#27;[39m Got response with status 200: {"sessionId":"fe9d5690-d8fd-4b8b-8f08-e19d6c791633","value":null}
[debug] &amp#27;[35m[W3C (676b19cd)]&amp#27;[39m Responding to client with driver.click() result: null
&amp#27;[35m[HTTP]&amp#27;[39m &amp#27;[37m<-- POST /wd/hub/session/676b19cd-164e-4d05-b6cd-2b53e0406bb4/element/a5716a61-deb7-4775-8ab3-4b46605459c3/click &amp#27;[39m&amp#27;[32m200&amp#27;[39m &amp#27;[90m53 ms - 14&amp#27;[39m
&amp#27;[35m[HTTP]&amp#27;[39m &amp#27;[90m&amp#27;[39m
]]></system-out>
    <system-err><![CDATA[Aug 20, 2021 11:38:38 AM io.appium.java_client.remote.AppiumCommandExecutor$1 lambda$0
INFO: Detected dialect: W3C
]]></system-err>
  </testcase>
</testsuite>