<?xml version="1.0" encoding="UTF-8"?>
<testng-results skipped="0" failed="0" ignored="0" total="3" passed="3">
  <reporter-output>
  </reporter-output>
  <suite name="Suite" duration-ms="100778" started-at="2021-08-20T11:37:03 CEST" finished-at="2021-08-20T11:38:44 CEST">
    <groups>
    </groups>
    <test name="Test" duration-ms="100778" started-at="2021-08-20T11:37:03 CEST" finished-at="2021-08-20T11:38:44 CEST">
      <class name="practice.AppiumFramework.TC01_SumOfItems">
        <test-method status="PASS" signature="killAllNodes()[pri:0, instance:practice.AppiumFramework.TC01_SumOfItems@12f41634]" name="killAllNodes" is-config="true" duration-ms="3026" started-at="2021-08-20T11:37:03 CEST" finished-at="2021-08-20T11:37:06 CEST">
          <reporter-output>
          </reporter-output>
        </test-method> <!-- killAllNodes -->
        <test-method status="PASS" signature="totalValidation()[pri:0, instance:practice.AppiumFramework.TC01_SumOfItems@12f41634]" name="totalValidation" duration-ms="37993" started-at="2021-08-20T11:37:06 CEST" finished-at="2021-08-20T11:37:44 CEST">
          <reporter-output>
          </reporter-output>
        </test-method> <!-- totalValidation -->
      </class> <!-- practice.AppiumFramework.TC01_SumOfItems -->
      <class name="practice.AppiumFramework.TC02_APIDemoApk">
        <test-method status="PASS" signature="apiDemo(java.lang.String)[pri:0, instance:practice.AppiumFramework.TC02_APIDemoApk@1e7c7811]" name="apiDemo" duration-ms="26271" started-at="2021-08-20T11:37:49 CEST" data-provider="InputData" finished-at="2021-08-20T11:38:15 CEST">
          <params>
            <param index="0">
              <value>
                <![CDATA[hello]]>
              </value>
            </param>
          </params>
          <reporter-output>
          </reporter-output>
        </test-method> <!-- apiDemo -->
        <test-method status="PASS" signature="apiDemo(java.lang.String)[pri:0, instance:practice.AppiumFramework.TC02_APIDemoApk@1e7c7811]" name="apiDemo" duration-ms="28443" started-at="2021-08-20T11:38:15 CEST" data-provider="InputData" finished-at="2021-08-20T11:38:44 CEST">
          <params>
            <param index="0">
              <value>
                <![CDATA[@#$%]]>
              </value>
            </param>
          </params>
          <reporter-output>
          </reporter-output>
        </test-method> <!-- apiDemo -->
      </class> <!-- practice.AppiumFramework.TC02_APIDemoApk -->
    </test> <!-- Test -->
  </suite> <!-- Suite -->
</testng-results>
